\BOOKMARK [0][-]{chapter.1}{Introduction}{}% 1
\BOOKMARK [1][-]{section.1.1}{+ - 0 decay distribution: general features}{chapter.1}% 2
\BOOKMARK [1][-]{section.1.2}{Extended Veneziano Model}{chapter.1}% 3
\BOOKMARK [2][-]{subsection.1.2.1}{Application to the + - 0 decay}{section.1.2}% 4
\BOOKMARK [1][-]{section.1.3}{Goal of the analysis}{chapter.1}% 5
\BOOKMARK [0][-]{chapter.2}{+ - 0 : extended maximum likelihood fit procedure}{}% 6
\BOOKMARK [1][-]{section.2.1}{Extended maximum likelihood fits}{chapter.2}% 7
\BOOKMARK [2][-]{subsection.2.1.1}{Example: constant intensity}{section.2.1}% 8
\BOOKMARK [2][-]{subsection.2.1.2}{AmpTools software}{section.2.1}% 9
\BOOKMARK [1][-]{section.2.2}{Application to the + - 0 process}{chapter.2}% 10
\BOOKMARK [0][-]{chapter.3}{Data agreement with previous results}{}% 11
\BOOKMARK [1][-]{section.3.1}{Procedure}{chapter.3}% 12
\BOOKMARK [2][-]{subsection.3.1.1}{Results}{section.3.1}% 13
\BOOKMARK [2][-]{subsection.3.1.2}{Conclusions}{section.3.1}% 14
\BOOKMARK [1][-]{section.3.2}{Effect of F =1}{chapter.3}% 15
\BOOKMARK [2][-]{subsection.3.2.1}{Procedure}{section.3.2}% 16
\BOOKMARK [2][-]{subsection.3.2.2}{Results}{section.3.2}% 17
\BOOKMARK [2][-]{subsection.3.2.3}{Conclusions}{section.3.2}% 18
\BOOKMARK [0][-]{appendix.A}{Theorem}{}% 19
\BOOKMARK [0][-]{appendix.B}{Data agreement with previous results: plots}{}% 20
