This is pdfTeX, Version 3.14159265-2.6-1.40.15 (TeX Live 2014) (preloaded format=pdflatex 2015.3.18)  11 SEP 2015 17:15
entering extended mode
 restricted \write18 enabled.
 %&-line parsing enabled.
**note
(./note.tex
LaTeX2e <2014/05/01>
Babel <3.9l> and hyphenation patterns for 79 languages loaded.
(/usr/local/texlive/2014/texmf-dist/tex/latex/base/article.cls
Document Class: article 2014/09/29 v1.4h Standard LaTeX document class
(/usr/local/texlive/2014/texmf-dist/tex/latex/base/size10.clo
File: size10.clo 2014/09/29 v1.4h Standard LaTeX file (size option)
)
\c@part=\count79
\c@section=\count80
\c@subsection=\count81
\c@subsubsection=\count82
\c@paragraph=\count83
\c@subparagraph=\count84
\c@figure=\count85
\c@table=\count86
\abovecaptionskip=\skip41
\belowcaptionskip=\skip42
\bibindent=\dimen102
)
(/usr/local/texlive/2014/texmf-dist/tex/latex/base/inputenc.sty
Package: inputenc 2014/04/30 v1.2b Input encoding file
\inpenc@prehook=\toks14
\inpenc@posthook=\toks15

(/usr/local/texlive/2014/texmf-dist/tex/latex/base/utf8.def
File: utf8.def 2014/09/29 v1.1m UTF-8 support for inputenc
Now handling font encoding OML ...
... no UTF-8 mapping file for font encoding OML
Now handling font encoding T1 ...
... processing UTF-8 mapping file for font encoding T1

(/usr/local/texlive/2014/texmf-dist/tex/latex/base/t1enc.dfu
File: t1enc.dfu 2014/09/29 v1.1m UTF-8 support for inputenc
   defining Unicode char U+00A1 (decimal 161)
   defining Unicode char U+00A3 (decimal 163)
   defining Unicode char U+00AB (decimal 171)
   defining Unicode char U+00BB (decimal 187)
   defining Unicode char U+00BF (decimal 191)
   defining Unicode char U+00C0 (decimal 192)
   defining Unicode char U+00C1 (decimal 193)
   defining Unicode char U+00C2 (decimal 194)
   defining Unicode char U+00C3 (decimal 195)
   defining Unicode char U+00C4 (decimal 196)
   defining Unicode char U+00C5 (decimal 197)
   defining Unicode char U+00C6 (decimal 198)
   defining Unicode char U+00C7 (decimal 199)
   defining Unicode char U+00C8 (decimal 200)
   defining Unicode char U+00C9 (decimal 201)
   defining Unicode char U+00CA (decimal 202)
   defining Unicode char U+00CB (decimal 203)
   defining Unicode char U+00CC (decimal 204)
   defining Unicode char U+00CD (decimal 205)
   defining Unicode char U+00CE (decimal 206)
   defining Unicode char U+00CF (decimal 207)
   defining Unicode char U+00D0 (decimal 208)
   defining Unicode char U+00D1 (decimal 209)
   defining Unicode char U+00D2 (decimal 210)
   defining Unicode char U+00D3 (decimal 211)
   defining Unicode char U+00D4 (decimal 212)
   defining Unicode char U+00D5 (decimal 213)
   defining Unicode char U+00D6 (decimal 214)
   defining Unicode char U+00D8 (decimal 216)
   defining Unicode char U+00D9 (decimal 217)
   defining Unicode char U+00DA (decimal 218)
   defining Unicode char U+00DB (decimal 219)
   defining Unicode char U+00DC (decimal 220)
   defining Unicode char U+00DD (decimal 221)
   defining Unicode char U+00DE (decimal 222)
   defining Unicode char U+00DF (decimal 223)
   defining Unicode char U+00E0 (decimal 224)
   defining Unicode char U+00E1 (decimal 225)
   defining Unicode char U+00E2 (decimal 226)
   defining Unicode char U+00E3 (decimal 227)
   defining Unicode char U+00E4 (decimal 228)
   defining Unicode char U+00E5 (decimal 229)
   defining Unicode char U+00E6 (decimal 230)
   defining Unicode char U+00E7 (decimal 231)
   defining Unicode char U+00E8 (decimal 232)
   defining Unicode char U+00E9 (decimal 233)
   defining Unicode char U+00EA (decimal 234)
   defining Unicode char U+00EB (decimal 235)
   defining Unicode char U+00EC (decimal 236)
   defining Unicode char U+00ED (decimal 237)
   defining Unicode char U+00EE (decimal 238)
   defining Unicode char U+00EF (decimal 239)
   defining Unicode char U+00F0 (decimal 240)
   defining Unicode char U+00F1 (decimal 241)
   defining Unicode char U+00F2 (decimal 242)
   defining Unicode char U+00F3 (decimal 243)
   defining Unicode char U+00F4 (decimal 244)
   defining Unicode char U+00F5 (decimal 245)
   defining Unicode char U+00F6 (decimal 246)
   defining Unicode char U+00F8 (decimal 248)
   defining Unicode char U+00F9 (decimal 249)
   defining Unicode char U+00FA (decimal 250)
   defining Unicode char U+00FB (decimal 251)
   defining Unicode char U+00FC (decimal 252)
   defining Unicode char U+00FD (decimal 253)
   defining Unicode char U+00FE (decimal 254)
   defining Unicode char U+00FF (decimal 255)
   defining Unicode char U+0102 (decimal 258)
   defining Unicode char U+0103 (decimal 259)
   defining Unicode char U+0104 (decimal 260)
   defining Unicode char U+0105 (decimal 261)
   defining Unicode char U+0106 (decimal 262)
   defining Unicode char U+0107 (decimal 263)
   defining Unicode char U+010C (decimal 268)
   defining Unicode char U+010D (decimal 269)
   defining Unicode char U+010E (decimal 270)
   defining Unicode char U+010F (decimal 271)
   defining Unicode char U+0110 (decimal 272)
   defining Unicode char U+0111 (decimal 273)
   defining Unicode char U+0118 (decimal 280)
   defining Unicode char U+0119 (decimal 281)
   defining Unicode char U+011A (decimal 282)
   defining Unicode char U+011B (decimal 283)
   defining Unicode char U+011E (decimal 286)
   defining Unicode char U+011F (decimal 287)
   defining Unicode char U+0130 (decimal 304)
   defining Unicode char U+0131 (decimal 305)
   defining Unicode char U+0132 (decimal 306)
   defining Unicode char U+0133 (decimal 307)
   defining Unicode char U+0139 (decimal 313)
   defining Unicode char U+013A (decimal 314)
   defining Unicode char U+013D (decimal 317)
   defining Unicode char U+013E (decimal 318)
   defining Unicode char U+0141 (decimal 321)
   defining Unicode char U+0142 (decimal 322)
   defining Unicode char U+0143 (decimal 323)
   defining Unicode char U+0144 (decimal 324)
   defining Unicode char U+0147 (decimal 327)
   defining Unicode char U+0148 (decimal 328)
   defining Unicode char U+014A (decimal 330)
   defining Unicode char U+014B (decimal 331)
   defining Unicode char U+0150 (decimal 336)
   defining Unicode char U+0151 (decimal 337)
   defining Unicode char U+0152 (decimal 338)
   defining Unicode char U+0153 (decimal 339)
   defining Unicode char U+0154 (decimal 340)
   defining Unicode char U+0155 (decimal 341)
   defining Unicode char U+0158 (decimal 344)
   defining Unicode char U+0159 (decimal 345)
   defining Unicode char U+015A (decimal 346)
   defining Unicode char U+015B (decimal 347)
   defining Unicode char U+015E (decimal 350)
   defining Unicode char U+015F (decimal 351)
   defining Unicode char U+0160 (decimal 352)
   defining Unicode char U+0161 (decimal 353)
   defining Unicode char U+0162 (decimal 354)
   defining Unicode char U+0163 (decimal 355)
   defining Unicode char U+0164 (decimal 356)
   defining Unicode char U+0165 (decimal 357)
   defining Unicode char U+016E (decimal 366)
   defining Unicode char U+016F (decimal 367)
   defining Unicode char U+0170 (decimal 368)
   defining Unicode char U+0171 (decimal 369)
   defining Unicode char U+0178 (decimal 376)
   defining Unicode char U+0179 (decimal 377)
   defining Unicode char U+017A (decimal 378)
   defining Unicode char U+017B (decimal 379)
   defining Unicode char U+017C (decimal 380)
   defining Unicode char U+017D (decimal 381)
   defining Unicode char U+017E (decimal 382)
   defining Unicode char U+200C (decimal 8204)
   defining Unicode char U+2013 (decimal 8211)
   defining Unicode char U+2014 (decimal 8212)
   defining Unicode char U+2018 (decimal 8216)
   defining Unicode char U+2019 (decimal 8217)
   defining Unicode char U+201A (decimal 8218)
   defining Unicode char U+201C (decimal 8220)
   defining Unicode char U+201D (decimal 8221)
   defining Unicode char U+201E (decimal 8222)
   defining Unicode char U+2030 (decimal 8240)
   defining Unicode char U+2031 (decimal 8241)
   defining Unicode char U+2039 (decimal 8249)
   defining Unicode char U+203A (decimal 8250)
   defining Unicode char U+2423 (decimal 9251)
)
Now handling font encoding OT1 ...
... processing UTF-8 mapping file for font encoding OT1

(/usr/local/texlive/2014/texmf-dist/tex/latex/base/ot1enc.dfu
File: ot1enc.dfu 2014/09/29 v1.1m UTF-8 support for inputenc
   defining Unicode char U+00A1 (decimal 161)
   defining Unicode char U+00A3 (decimal 163)
   defining Unicode char U+00B8 (decimal 184)
   defining Unicode char U+00BF (decimal 191)
   defining Unicode char U+00C5 (decimal 197)
   defining Unicode char U+00C6 (decimal 198)
   defining Unicode char U+00D8 (decimal 216)
   defining Unicode char U+00DF (decimal 223)
   defining Unicode char U+00E6 (decimal 230)
   defining Unicode char U+00EC (decimal 236)
   defining Unicode char U+00ED (decimal 237)
   defining Unicode char U+00EE (decimal 238)
   defining Unicode char U+00EF (decimal 239)
   defining Unicode char U+00F8 (decimal 248)
   defining Unicode char U+0131 (decimal 305)
   defining Unicode char U+0141 (decimal 321)
   defining Unicode char U+0142 (decimal 322)
   defining Unicode char U+0152 (decimal 338)
   defining Unicode char U+0153 (decimal 339)
   defining Unicode char U+2013 (decimal 8211)
   defining Unicode char U+2014 (decimal 8212)
   defining Unicode char U+2018 (decimal 8216)
   defining Unicode char U+2019 (decimal 8217)
   defining Unicode char U+201C (decimal 8220)
   defining Unicode char U+201D (decimal 8221)
)
Now handling font encoding OMS ...
... processing UTF-8 mapping file for font encoding OMS

(/usr/local/texlive/2014/texmf-dist/tex/latex/base/omsenc.dfu
File: omsenc.dfu 2014/09/29 v1.1m UTF-8 support for inputenc
   defining Unicode char U+00A7 (decimal 167)
   defining Unicode char U+00B6 (decimal 182)
   defining Unicode char U+00B7 (decimal 183)
   defining Unicode char U+2020 (decimal 8224)
   defining Unicode char U+2021 (decimal 8225)
   defining Unicode char U+2022 (decimal 8226)
)
Now handling font encoding OMX ...
... no UTF-8 mapping file for font encoding OMX
Now handling font encoding U ...
... no UTF-8 mapping file for font encoding U
   defining Unicode char U+00A9 (decimal 169)
   defining Unicode char U+00AA (decimal 170)
   defining Unicode char U+00AE (decimal 174)
   defining Unicode char U+00BA (decimal 186)
   defining Unicode char U+02C6 (decimal 710)
   defining Unicode char U+02DC (decimal 732)
   defining Unicode char U+200C (decimal 8204)
   defining Unicode char U+2026 (decimal 8230)
   defining Unicode char U+2122 (decimal 8482)
   defining Unicode char U+2423 (decimal 9251)
))
(/usr/local/texlive/2014/texmf-dist/tex/generic/babel/babel.sty
Package: babel 2014/09/25 3.9l The Babel package

(/usr/local/texlive/2014/texmf-dist/tex/generic/babel-english/english.ldf
Language: english 2012/08/20 v3.3p English support from the babel system

(/usr/local/texlive/2014/texmf-dist/tex/generic/babel/babel.def
File: babel.def 2014/09/25 3.9l Babel common definitions
\babel@savecnt=\count87
\U@D=\dimen103
)
\l@canadian = a dialect from \language\l@american 
\l@australian = a dialect from \language\l@british 
\l@newzealand = a dialect from \language\l@british 
))
(/usr/local/texlive/2014/texmf-dist/tex/latex/graphics/graphics.sty
Package: graphics 2014/10/28 v1.0p Standard LaTeX Graphics (DPC,SPQR)

(/usr/local/texlive/2014/texmf-dist/tex/latex/graphics/trig.sty
Package: trig 1999/03/16 v1.09 sin cos tan (DPC)
)
(/usr/local/texlive/2014/texmf-dist/tex/latex/latexconfig/graphics.cfg
File: graphics.cfg 2010/04/23 v1.9 graphics configuration of TeX Live
)
Package graphics Info: Driver file: pdftex.def on input line 91.

(/usr/local/texlive/2014/texmf-dist/tex/latex/pdftex-def/pdftex.def
File: pdftex.def 2011/05/27 v0.06d Graphics/color for pdfTeX

(/usr/local/texlive/2014/texmf-dist/tex/generic/oberdiek/infwarerr.sty
Package: infwarerr 2010/04/08 v1.3 Providing info/warning/error messages (HO)
)
(/usr/local/texlive/2014/texmf-dist/tex/generic/oberdiek/ltxcmds.sty
Package: ltxcmds 2011/11/09 v1.22 LaTeX kernel commands for general use (HO)
)
\Gread@gobject=\count88
))
(/usr/local/texlive/2014/texmf-dist/tex/latex/graphics/graphicx.sty
Package: graphicx 2014/10/28 v1.0g Enhanced LaTeX Graphics (DPC,SPQR)

(/usr/local/texlive/2014/texmf-dist/tex/latex/graphics/keyval.sty
Package: keyval 2014/10/28 v1.15 key=value parser (DPC)
\KV@toks@=\toks16
)
\Gin@req@height=\dimen104
\Gin@req@width=\dimen105
)
(/usr/local/texlive/2014/texmf-dist/tex/latex/subfigure/subfigure.sty
Package: subfigure 2002/03/15 v2.1.5 subfigure package
\subfigtopskip=\skip43
\subfigcapskip=\skip44
\subfigcaptopadj=\dimen106
\subfigbottomskip=\skip45
\subfigcapmargin=\dimen107
\subfiglabelskip=\skip46
\c@subfigure=\count89
\c@lofdepth=\count90
\c@subtable=\count91
\c@lotdepth=\count92

****************************************
* Local config file subfigure.cfg used *
****************************************
(/usr/local/texlive/2014/texmf-dist/tex/latex/subfigure/subfigure.cfg)
\subfig@top=\skip47
\subfig@bottom=\skip48
)
(/usr/local/texlive/2014/texmf-dist/tex/latex/multirow/multirow.sty
\bigstrutjot=\dimen108
)
(/usr/local/texlive/2014/texmf-dist/tex/latex/geometry/geometry.sty
Package: geometry 2010/09/12 v5.6 Page Geometry

(/usr/local/texlive/2014/texmf-dist/tex/generic/oberdiek/ifpdf.sty
Package: ifpdf 2011/01/30 v2.3 Provides the ifpdf switch (HO)
Package ifpdf Info: pdfTeX in PDF mode is detected.
)
(/usr/local/texlive/2014/texmf-dist/tex/generic/oberdiek/ifvtex.sty
Package: ifvtex 2010/03/01 v1.5 Detect VTeX and its facilities (HO)
Package ifvtex Info: VTeX not detected.
)
(/usr/local/texlive/2014/texmf-dist/tex/generic/ifxetex/ifxetex.sty
Package: ifxetex 2010/09/12 v0.6 Provides ifxetex conditional
)
\Gm@cnth=\count93
\Gm@cntv=\count94
\c@Gm@tempcnt=\count95
\Gm@bindingoffset=\dimen109
\Gm@wd@mp=\dimen110
\Gm@odd@mp=\dimen111
\Gm@even@mp=\dimen112
\Gm@layoutwidth=\dimen113
\Gm@layoutheight=\dimen114
\Gm@layouthoffset=\dimen115
\Gm@layoutvoffset=\dimen116
\Gm@dimlist=\toks17
)
(/usr/local/texlive/2014/texmf-dist/tex/latex/pdfpages/pdfpages.sty
Package: pdfpages 2013/08/25 v0.4v Insert pages of external PDF documents (AM)

(/usr/local/texlive/2014/texmf-dist/tex/latex/base/ifthen.sty
Package: ifthen 2014/09/29 v1.1c Standard LaTeX ifthen package (DPC)
)
(/usr/local/texlive/2014/texmf-dist/tex/latex/tools/calc.sty
Package: calc 2014/10/28 v4.3 Infix arithmetic (KKT,FJ)
\calc@Acount=\count96
\calc@Bcount=\count97
\calc@Adimen=\dimen117
\calc@Bdimen=\dimen118
\calc@Askip=\skip49
\calc@Bskip=\skip50
LaTeX Info: Redefining \setlength on input line 75.
LaTeX Info: Redefining \addtolength on input line 76.
\calc@Ccount=\count98
\calc@Cskip=\skip51
)
(/usr/local/texlive/2014/texmf-dist/tex/latex/eso-pic/eso-pic.sty
Package: eso-pic 2013/10/06 v2.0d eso-pic (RN)

(/usr/local/texlive/2014/texmf-dist/tex/generic/oberdiek/atbegshi.sty
Package: atbegshi 2011/10/05 v1.16 At begin shipout hook (HO)
)
(/usr/local/texlive/2014/texmf-dist/tex/latex/xcolor/xcolor.sty
Package: xcolor 2007/01/21 v2.11 LaTeX color extensions (UK)

(/usr/local/texlive/2014/texmf-dist/tex/latex/latexconfig/color.cfg
File: color.cfg 2007/01/18 v1.5 color configuration of teTeX/TeXLive
)
Package xcolor Info: Driver file: pdftex.def on input line 225.
Package xcolor Info: Model `cmy' substituted by `cmy0' on input line 1337.
Package xcolor Info: Model `hsb' substituted by `rgb' on input line 1341.
Package xcolor Info: Model `RGB' extended on input line 1353.
Package xcolor Info: Model `HTML' substituted by `rgb' on input line 1355.
Package xcolor Info: Model `Hsb' substituted by `hsb' on input line 1356.
Package xcolor Info: Model `tHsb' substituted by `hsb' on input line 1357.
Package xcolor Info: Model `HSB' substituted by `hsb' on input line 1358.
Package xcolor Info: Model `Gray' substituted by `gray' on input line 1359.
Package xcolor Info: Model `wave' substituted by `hsb' on input line 1360.
))
(/usr/local/texlive/2014/texmf-dist/tex/latex/pdfpages/pppdftex.def
File: pppdftex.def 2013/08/25 v0.4v Pdfpages driver for pdfTeX (AM)
)
\AM@pagebox=\box26
\AM@toc@title=\toks18
\c@AM@survey=\count99
\AM@templatesizebox=\box27
)
(/usr/local/texlive/2014/texmf-dist/tex/latex/esvect/esvect.sty
Package: esvect 
\symesvector=\mathgroup4
)
(/usr/local/texlive/2014/texmf-dist/tex/latex/pgf/frontendlayer/tikz.sty
(/usr/local/texlive/2014/texmf-dist/tex/latex/pgf/basiclayer/pgf.sty
(/usr/local/texlive/2014/texmf-dist/tex/latex/pgf/utilities/pgfrcs.sty
(/usr/local/texlive/2014/texmf-dist/tex/generic/pgf/utilities/pgfutil-common.te
x
\pgfutil@everybye=\toks19
\pgfutil@tempdima=\dimen119
\pgfutil@tempdimb=\dimen120

(/usr/local/texlive/2014/texmf-dist/tex/generic/pgf/utilities/pgfutil-common-li
sts.tex))
(/usr/local/texlive/2014/texmf-dist/tex/generic/pgf/utilities/pgfutil-latex.def
\pgfutil@abb=\box28
(/usr/local/texlive/2014/texmf-dist/tex/latex/ms/everyshi.sty
Package: everyshi 2001/05/15 v3.00 EveryShipout Package (MS)
))
(/usr/local/texlive/2014/texmf-dist/tex/generic/pgf/utilities/pgfrcs.code.tex
Package: pgfrcs 2013/12/20 v3.0.0 (rcs-revision 1.28)
))
Package: pgf 2013/12/18 v3.0.0 (rcs-revision 1.14)
(/usr/local/texlive/2014/texmf-dist/tex/latex/pgf/basiclayer/pgfcore.sty
(/usr/local/texlive/2014/texmf-dist/tex/latex/pgf/systemlayer/pgfsys.sty
(/usr/local/texlive/2014/texmf-dist/tex/generic/pgf/systemlayer/pgfsys.code.tex
Package: pgfsys 2013/11/30 v3.0.0 (rcs-revision 1.47)
(/usr/local/texlive/2014/texmf-dist/tex/generic/pgf/utilities/pgfkeys.code.tex
\pgfkeys@pathtoks=\toks20
\pgfkeys@temptoks=\toks21

(/usr/local/texlive/2014/texmf-dist/tex/generic/pgf/utilities/pgfkeysfiltered.c
ode.tex
\pgfkeys@tmptoks=\toks22
))
\pgf@x=\dimen121
\pgf@y=\dimen122
\pgf@xa=\dimen123
\pgf@ya=\dimen124
\pgf@xb=\dimen125
\pgf@yb=\dimen126
\pgf@xc=\dimen127
\pgf@yc=\dimen128
\w@pgf@writea=\write3
\r@pgf@reada=\read1
\c@pgf@counta=\count100
\c@pgf@countb=\count101
\c@pgf@countc=\count102
\c@pgf@countd=\count103
\t@pgf@toka=\toks23
\t@pgf@tokb=\toks24
\t@pgf@tokc=\toks25

(/usr/local/texlive/2014/texmf-dist/tex/generic/pgf/systemlayer/pgf.cfg
File: pgf.cfg 2008/05/14  (rcs-revision 1.7)
)
Driver file for pgf: pgfsys-pdftex.def

(/usr/local/texlive/2014/texmf-dist/tex/generic/pgf/systemlayer/pgfsys-pdftex.d
ef
File: pgfsys-pdftex.def 2013/07/18  (rcs-revision 1.33)

(/usr/local/texlive/2014/texmf-dist/tex/generic/pgf/systemlayer/pgfsys-common-p
df.def
File: pgfsys-common-pdf.def 2013/10/10  (rcs-revision 1.13)
)))
(/usr/local/texlive/2014/texmf-dist/tex/generic/pgf/systemlayer/pgfsyssoftpath.
code.tex
File: pgfsyssoftpath.code.tex 2013/09/09  (rcs-revision 1.9)
\pgfsyssoftpath@smallbuffer@items=\count104
\pgfsyssoftpath@bigbuffer@items=\count105
)
(/usr/local/texlive/2014/texmf-dist/tex/generic/pgf/systemlayer/pgfsysprotocol.
code.tex
File: pgfsysprotocol.code.tex 2006/10/16  (rcs-revision 1.4)
))
(/usr/local/texlive/2014/texmf-dist/tex/generic/pgf/basiclayer/pgfcore.code.tex
Package: pgfcore 2010/04/11 v3.0.0 (rcs-revision 1.7)
(/usr/local/texlive/2014/texmf-dist/tex/generic/pgf/math/pgfmath.code.tex
(/usr/local/texlive/2014/texmf-dist/tex/generic/pgf/math/pgfmathcalc.code.tex
(/usr/local/texlive/2014/texmf-dist/tex/generic/pgf/math/pgfmathutil.code.tex)
(/usr/local/texlive/2014/texmf-dist/tex/generic/pgf/math/pgfmathparser.code.tex
\pgfmath@dimen=\dimen129
\pgfmath@count=\count106
\pgfmath@box=\box29
\pgfmath@toks=\toks26
\pgfmath@stack@operand=\toks27
\pgfmath@stack@operation=\toks28
)
(/usr/local/texlive/2014/texmf-dist/tex/generic/pgf/math/pgfmathfunctions.code.
tex
(/usr/local/texlive/2014/texmf-dist/tex/generic/pgf/math/pgfmathfunctions.basic
.code.tex)
(/usr/local/texlive/2014/texmf-dist/tex/generic/pgf/math/pgfmathfunctions.trigo
nometric.code.tex)
(/usr/local/texlive/2014/texmf-dist/tex/generic/pgf/math/pgfmathfunctions.rando
m.code.tex)
(/usr/local/texlive/2014/texmf-dist/tex/generic/pgf/math/pgfmathfunctions.compa
rison.code.tex)
(/usr/local/texlive/2014/texmf-dist/tex/generic/pgf/math/pgfmathfunctions.base.
code.tex)
(/usr/local/texlive/2014/texmf-dist/tex/generic/pgf/math/pgfmathfunctions.round
.code.tex)
(/usr/local/texlive/2014/texmf-dist/tex/generic/pgf/math/pgfmathfunctions.misc.
code.tex)
(/usr/local/texlive/2014/texmf-dist/tex/generic/pgf/math/pgfmathfunctions.integ
erarithmetics.code.tex)))
(/usr/local/texlive/2014/texmf-dist/tex/generic/pgf/math/pgfmathfloat.code.tex
\c@pgfmathroundto@lastzeros=\count107
))
(/usr/local/texlive/2014/texmf-dist/tex/generic/pgf/basiclayer/pgfcorepoints.co
de.tex
File: pgfcorepoints.code.tex 2013/10/07  (rcs-revision 1.27)
\pgf@picminx=\dimen130
\pgf@picmaxx=\dimen131
\pgf@picminy=\dimen132
\pgf@picmaxy=\dimen133
\pgf@pathminx=\dimen134
\pgf@pathmaxx=\dimen135
\pgf@pathminy=\dimen136
\pgf@pathmaxy=\dimen137
\pgf@xx=\dimen138
\pgf@xy=\dimen139
\pgf@yx=\dimen140
\pgf@yy=\dimen141
\pgf@zx=\dimen142
\pgf@zy=\dimen143
)
(/usr/local/texlive/2014/texmf-dist/tex/generic/pgf/basiclayer/pgfcorepathconst
ruct.code.tex
File: pgfcorepathconstruct.code.tex 2013/10/07  (rcs-revision 1.29)
\pgf@path@lastx=\dimen144
\pgf@path@lasty=\dimen145
)
(/usr/local/texlive/2014/texmf-dist/tex/generic/pgf/basiclayer/pgfcorepathusage
.code.tex
File: pgfcorepathusage.code.tex 2013/12/13  (rcs-revision 1.23)
\pgf@shorten@end@additional=\dimen146
\pgf@shorten@start@additional=\dimen147
)
(/usr/local/texlive/2014/texmf-dist/tex/generic/pgf/basiclayer/pgfcorescopes.co
de.tex
File: pgfcorescopes.code.tex 2013/10/09  (rcs-revision 1.44)
\pgfpic=\box30
\pgf@hbox=\box31
\pgf@layerbox@main=\box32
\pgf@picture@serial@count=\count108
)
(/usr/local/texlive/2014/texmf-dist/tex/generic/pgf/basiclayer/pgfcoregraphicst
ate.code.tex
File: pgfcoregraphicstate.code.tex 2013/09/19  (rcs-revision 1.11)
\pgflinewidth=\dimen148
)
(/usr/local/texlive/2014/texmf-dist/tex/generic/pgf/basiclayer/pgfcoretransform
ations.code.tex
File: pgfcoretransformations.code.tex 2013/10/10  (rcs-revision 1.17)
\pgf@pt@x=\dimen149
\pgf@pt@y=\dimen150
\pgf@pt@temp=\dimen151
)
(/usr/local/texlive/2014/texmf-dist/tex/generic/pgf/basiclayer/pgfcorequick.cod
e.tex
File: pgfcorequick.code.tex 2008/10/09  (rcs-revision 1.3)
)
(/usr/local/texlive/2014/texmf-dist/tex/generic/pgf/basiclayer/pgfcoreobjects.c
ode.tex
File: pgfcoreobjects.code.tex 2006/10/11  (rcs-revision 1.2)
)
(/usr/local/texlive/2014/texmf-dist/tex/generic/pgf/basiclayer/pgfcorepathproce
ssing.code.tex
File: pgfcorepathprocessing.code.tex 2013/09/09  (rcs-revision 1.9)
)
(/usr/local/texlive/2014/texmf-dist/tex/generic/pgf/basiclayer/pgfcorearrows.co
de.tex
File: pgfcorearrows.code.tex 2013/11/07  (rcs-revision 1.40)
\pgfarrowsep=\dimen152
)
(/usr/local/texlive/2014/texmf-dist/tex/generic/pgf/basiclayer/pgfcoreshade.cod
e.tex
File: pgfcoreshade.code.tex 2013/07/15  (rcs-revision 1.15)
\pgf@max=\dimen153
\pgf@sys@shading@range@num=\count109
)
(/usr/local/texlive/2014/texmf-dist/tex/generic/pgf/basiclayer/pgfcoreimage.cod
e.tex
File: pgfcoreimage.code.tex 2013/07/15  (rcs-revision 1.18)

(/usr/local/texlive/2014/texmf-dist/tex/generic/pgf/basiclayer/pgfcoreexternal.
code.tex
File: pgfcoreexternal.code.tex 2013/07/15  (rcs-revision 1.20)
\pgfexternal@startupbox=\box33
))
(/usr/local/texlive/2014/texmf-dist/tex/generic/pgf/basiclayer/pgfcorelayers.co
de.tex
File: pgfcorelayers.code.tex 2013/07/18  (rcs-revision 1.7)
)
(/usr/local/texlive/2014/texmf-dist/tex/generic/pgf/basiclayer/pgfcoretranspare
ncy.code.tex
File: pgfcoretransparency.code.tex 2013/09/30  (rcs-revision 1.5)
)
(/usr/local/texlive/2014/texmf-dist/tex/generic/pgf/basiclayer/pgfcorepatterns.
code.tex
File: pgfcorepatterns.code.tex 2013/11/07  (rcs-revision 1.5)
)))
(/usr/local/texlive/2014/texmf-dist/tex/generic/pgf/modules/pgfmoduleshapes.cod
e.tex
File: pgfmoduleshapes.code.tex 2013/10/31  (rcs-revision 1.34)
\pgfnodeparttextbox=\box34
)
(/usr/local/texlive/2014/texmf-dist/tex/generic/pgf/modules/pgfmoduleplot.code.
tex
File: pgfmoduleplot.code.tex 2013/07/31  (rcs-revision 1.12)
)
(/usr/local/texlive/2014/texmf-dist/tex/latex/pgf/compatibility/pgfcomp-version
-0-65.sty
Package: pgfcomp-version-0-65 2007/07/03 v3.0.0 (rcs-revision 1.7)
\pgf@nodesepstart=\dimen154
\pgf@nodesepend=\dimen155
)
(/usr/local/texlive/2014/texmf-dist/tex/latex/pgf/compatibility/pgfcomp-version
-1-18.sty
Package: pgfcomp-version-1-18 2007/07/23 v3.0.0 (rcs-revision 1.1)
))
(/usr/local/texlive/2014/texmf-dist/tex/latex/pgf/utilities/pgffor.sty
(/usr/local/texlive/2014/texmf-dist/tex/latex/pgf/utilities/pgfkeys.sty
(/usr/local/texlive/2014/texmf-dist/tex/generic/pgf/utilities/pgfkeys.code.tex)
) (/usr/local/texlive/2014/texmf-dist/tex/latex/pgf/math/pgfmath.sty
(/usr/local/texlive/2014/texmf-dist/tex/generic/pgf/math/pgfmath.code.tex))
(/usr/local/texlive/2014/texmf-dist/tex/generic/pgf/utilities/pgffor.code.tex
Package: pgffor 2013/12/13 v3.0.0 (rcs-revision 1.25)

(/usr/local/texlive/2014/texmf-dist/tex/generic/pgf/math/pgfmath.code.tex)
\pgffor@iter=\dimen156
\pgffor@skip=\dimen157
\pgffor@stack=\toks29
\pgffor@toks=\toks30
))
(/usr/local/texlive/2014/texmf-dist/tex/generic/pgf/frontendlayer/tikz/tikz.cod
e.tex
Package: tikz 2013/12/13 v3.0.0 (rcs-revision 1.142)

(/usr/local/texlive/2014/texmf-dist/tex/generic/pgf/libraries/pgflibraryplothan
dlers.code.tex
File: pgflibraryplothandlers.code.tex 2013/08/31 v3.0.0 (rcs-revision 1.20)
\pgf@plot@mark@count=\count110
\pgfplotmarksize=\dimen158
)
\tikz@lastx=\dimen159
\tikz@lasty=\dimen160
\tikz@lastxsaved=\dimen161
\tikz@lastysaved=\dimen162
\tikzleveldistance=\dimen163
\tikzsiblingdistance=\dimen164
\tikz@figbox=\box35
\tikz@figbox@bg=\box36
\tikz@tempbox=\box37
\tikz@tempbox@bg=\box38
\tikztreelevel=\count111
\tikznumberofchildren=\count112
\tikznumberofcurrentchild=\count113
\tikz@fig@count=\count114

(/usr/local/texlive/2014/texmf-dist/tex/generic/pgf/modules/pgfmodulematrix.cod
e.tex
File: pgfmodulematrix.code.tex 2013/09/17  (rcs-revision 1.8)
\pgfmatrixcurrentrow=\count115
\pgfmatrixcurrentcolumn=\count116
\pgf@matrix@numberofcolumns=\count117
)
\tikz@expandcount=\count118

(/usr/local/texlive/2014/texmf-dist/tex/generic/pgf/frontendlayer/tikz/librarie
s/tikzlibrarytopaths.code.tex
File: tikzlibrarytopaths.code.tex 2008/06/17 v3.0.0 (rcs-revision 1.2)
)))
(/usr/local/texlive/2014/texmf-dist/tex/latex/amsmath/amsmath.sty
Package: amsmath 2013/01/14 v2.14 AMS math features
\@mathmargin=\skip52

For additional information on amsmath, use the `?' option.
(/usr/local/texlive/2014/texmf-dist/tex/latex/amsmath/amstext.sty
Package: amstext 2000/06/29 v2.01

(/usr/local/texlive/2014/texmf-dist/tex/latex/amsmath/amsgen.sty
File: amsgen.sty 1999/11/30 v2.0
\@emptytoks=\toks31
\ex@=\dimen165
))
(/usr/local/texlive/2014/texmf-dist/tex/latex/amsmath/amsbsy.sty
Package: amsbsy 1999/11/29 v1.2d
\pmbraise@=\dimen166
)
(/usr/local/texlive/2014/texmf-dist/tex/latex/amsmath/amsopn.sty
Package: amsopn 1999/12/14 v2.01 operator names
)
\inf@bad=\count119
LaTeX Info: Redefining \frac on input line 210.
\uproot@=\count120
\leftroot@=\count121
LaTeX Info: Redefining \overline on input line 306.
\classnum@=\count122
\DOTSCASE@=\count123
LaTeX Info: Redefining \ldots on input line 378.
LaTeX Info: Redefining \dots on input line 381.
LaTeX Info: Redefining \cdots on input line 466.
\Mathstrutbox@=\box39
\strutbox@=\box40
\big@size=\dimen167
LaTeX Font Info:    Redeclaring font encoding OML on input line 566.
LaTeX Font Info:    Redeclaring font encoding OMS on input line 567.
\macc@depth=\count124
\c@MaxMatrixCols=\count125
\dotsspace@=\muskip10
\c@parentequation=\count126
\dspbrk@lvl=\count127
\tag@help=\toks32
\row@=\count128
\column@=\count129
\maxfields@=\count130
\andhelp@=\toks33
\eqnshift@=\dimen168
\alignsep@=\dimen169
\tagshift@=\dimen170
\tagwidth@=\dimen171
\totwidth@=\dimen172
\lineht@=\dimen173
\@envbody=\toks34
\multlinegap=\skip53
\multlinetaggap=\skip54
\mathdisplay@stack=\toks35
LaTeX Info: Redefining \[ on input line 2665.
LaTeX Info: Redefining \] on input line 2666.
)
(/usr/local/texlive/2014/texmf-dist/tex/latex/hyperref/hyperref.sty
Package: hyperref 2012/11/06 v6.83m Hypertext links for LaTeX

(/usr/local/texlive/2014/texmf-dist/tex/generic/oberdiek/hobsub-hyperref.sty
Package: hobsub-hyperref 2012/05/28 v1.13 Bundle oberdiek, subset hyperref (HO)


(/usr/local/texlive/2014/texmf-dist/tex/generic/oberdiek/hobsub-generic.sty
Package: hobsub-generic 2012/05/28 v1.13 Bundle oberdiek, subset generic (HO)
Package: hobsub 2012/05/28 v1.13 Construct package bundles (HO)
Package hobsub Info: Skipping package `infwarerr' (already loaded).
Package hobsub Info: Skipping package `ltxcmds' (already loaded).
Package: ifluatex 2010/03/01 v1.3 Provides the ifluatex switch (HO)
Package ifluatex Info: LuaTeX not detected.
Package hobsub Info: Skipping package `ifvtex' (already loaded).
Package: intcalc 2007/09/27 v1.1 Expandable calculations with integers (HO)
Package hobsub Info: Skipping package `ifpdf' (already loaded).
Package: etexcmds 2011/02/16 v1.5 Avoid name clashes with e-TeX commands (HO)
Package etexcmds Info: Could not find \expanded.
(etexcmds)             That can mean that you are not using pdfTeX 1.50 or
(etexcmds)             that some package has redefined \expanded.
(etexcmds)             In the latter case, load this package earlier.
Package: kvsetkeys 2012/04/25 v1.16 Key value parser (HO)
Package: kvdefinekeys 2011/04/07 v1.3 Define keys (HO)
Package: pdftexcmds 2011/11/29 v0.20 Utility functions of pdfTeX for LuaTeX (HO
)
Package pdftexcmds Info: LuaTeX not detected.
Package pdftexcmds Info: \pdf@primitive is available.
Package pdftexcmds Info: \pdf@ifprimitive is available.
Package pdftexcmds Info: \pdfdraftmode found.
Package: pdfescape 2011/11/25 v1.13 Implements pdfTeX's escape features (HO)
Package: bigintcalc 2012/04/08 v1.3 Expandable calculations on big integers (HO
)
Package: bitset 2011/01/30 v1.1 Handle bit-vector datatype (HO)
Package: uniquecounter 2011/01/30 v1.2 Provide unlimited unique counter (HO)
)
Package hobsub Info: Skipping package `hobsub' (already loaded).
Package: letltxmacro 2010/09/02 v1.4 Let assignment for LaTeX macros (HO)
Package: hopatch 2012/05/28 v1.2 Wrapper for package hooks (HO)
Package: xcolor-patch 2011/01/30 xcolor patch
Package: atveryend 2011/06/30 v1.8 Hooks at the very end of document (HO)
Package atveryend Info: \enddocument detected (standard20110627).
Package hobsub Info: Skipping package `atbegshi' (already loaded).
Package: refcount 2011/10/16 v3.4 Data extraction from label references (HO)
Package: hycolor 2011/01/30 v1.7 Color options for hyperref/bookmark (HO)
)
(/usr/local/texlive/2014/texmf-dist/tex/latex/oberdiek/auxhook.sty
Package: auxhook 2011/03/04 v1.3 Hooks for auxiliary files (HO)
)
(/usr/local/texlive/2014/texmf-dist/tex/latex/oberdiek/kvoptions.sty
Package: kvoptions 2011/06/30 v3.11 Key value format for package options (HO)
)
\@linkdim=\dimen174
\Hy@linkcounter=\count131
\Hy@pagecounter=\count132

(/usr/local/texlive/2014/texmf-dist/tex/latex/hyperref/pd1enc.def
File: pd1enc.def 2012/11/06 v6.83m Hyperref: PDFDocEncoding definition (HO)
Now handling font encoding PD1 ...
... no UTF-8 mapping file for font encoding PD1
)
\Hy@SavedSpaceFactor=\count133

(/usr/local/texlive/2014/texmf-dist/tex/latex/latexconfig/hyperref.cfg
File: hyperref.cfg 2002/06/06 v1.2 hyperref configuration of TeXLive
)
Package hyperref Info: Hyper figures OFF on input line 4443.
Package hyperref Info: Link nesting OFF on input line 4448.
Package hyperref Info: Hyper index ON on input line 4451.
Package hyperref Info: Plain pages OFF on input line 4458.
Package hyperref Info: Backreferencing OFF on input line 4463.
Package hyperref Info: Implicit mode ON; LaTeX internals redefined.
Package hyperref Info: Bookmarks ON on input line 4688.
\c@Hy@tempcnt=\count134

(/usr/local/texlive/2014/texmf-dist/tex/latex/url/url.sty
\Urlmuskip=\muskip11
Package: url 2013/09/16  ver 3.4  Verb mode for urls, etc.
)
LaTeX Info: Redefining \url on input line 5041.
\XeTeXLinkMargin=\dimen175
\Fld@menulength=\count135
\Field@Width=\dimen176
\Fld@charsize=\dimen177
Package hyperref Info: Hyper figures OFF on input line 6295.
Package hyperref Info: Link nesting OFF on input line 6300.
Package hyperref Info: Hyper index ON on input line 6303.
Package hyperref Info: backreferencing OFF on input line 6310.
Package hyperref Info: Link coloring OFF on input line 6315.
Package hyperref Info: Link coloring with OCG OFF on input line 6320.
Package hyperref Info: PDF/A mode OFF on input line 6325.
LaTeX Info: Redefining \ref on input line 6365.
LaTeX Info: Redefining \pageref on input line 6369.
\Hy@abspage=\count136
\c@Item=\count137
\c@Hfootnote=\count138
)

Package hyperref Message: Driver (autodetected): hpdftex.

(/usr/local/texlive/2014/texmf-dist/tex/latex/hyperref/hpdftex.def
File: hpdftex.def 2012/11/06 v6.83m Hyperref driver for pdfTeX
\Fld@listcount=\count139
\c@bookmark@seq@number=\count140

(/usr/local/texlive/2014/texmf-dist/tex/latex/oberdiek/rerunfilecheck.sty
Package: rerunfilecheck 2011/04/15 v1.7 Rerun checks for auxiliary files (HO)
Package uniquecounter Info: New unique counter `rerunfilecheck' on input line 2
82.
)
\Hy@SectionHShift=\skip55
)
(/usr/local/texlive/2014/texmf-dist/tex/generic/xint/xintexpr.sty
(/usr/local/texlive/2014/texmf-dist/tex/generic/xint/xintfrac.sty
(/usr/local/texlive/2014/texmf-dist/tex/generic/xint/xint.sty
(/usr/local/texlive/2014/texmf-dist/tex/generic/xint/xintcore.sty
(/usr/local/texlive/2014/texmf-dist/tex/generic/xint/xintkernel.sty
Package: xintkernel 2014/11/07 v1.1a Paraphernalia for the xint packages (jfB)
)
Package: xintcore 2014/11/07 v1.1a Expandable arithmetic on big integers (jfB)
\xint_c_x^viii=\count141
)
Package: xint 2014/11/07 v1.1a Expandable operations on big integers (jfB)
)
Package: xintfrac 2014/11/07 v1.1a Expandable operations on fractions (jfB)
)
(/usr/local/texlive/2014/texmf-dist/tex/generic/xint/xinttools.sty
Package: xinttools 2014/11/07 v1.1a Expandable and non-expandable utilities (jf
B)
\XINT_toks=\toks36
)
Package: xintexpr 2014/11/07 v1.1a Expandable expression parser (jfB)
)
(/usr/local/texlive/2014/texmf-dist/tex/latex/forloop/forloop.sty
Package: forloop 2006/09/18 v3.0 For Loops for LaTeX
)
\c@counter=\count142
\c@theorem=\count143
 (./note.aux

LaTeX Warning: Label `eq:PWA_TEO-7' multiply defined.

)
\openout1 = `note.aux'.

LaTeX Font Info:    Checking defaults for OML/cmm/m/it on input line 47.
LaTeX Font Info:    ... okay on input line 47.
LaTeX Font Info:    Checking defaults for T1/cmr/m/n on input line 47.
LaTeX Font Info:    ... okay on input line 47.
LaTeX Font Info:    Checking defaults for OT1/cmr/m/n on input line 47.
LaTeX Font Info:    ... okay on input line 47.
LaTeX Font Info:    Checking defaults for OMS/cmsy/m/n on input line 47.
LaTeX Font Info:    ... okay on input line 47.
LaTeX Font Info:    Checking defaults for OMX/cmex/m/n on input line 47.
LaTeX Font Info:    ... okay on input line 47.
LaTeX Font Info:    Checking defaults for U/cmr/m/n on input line 47.
LaTeX Font Info:    ... okay on input line 47.
LaTeX Font Info:    Checking defaults for PD1/pdf/m/n on input line 47.
LaTeX Font Info:    ... okay on input line 47.
 (/usr/local/texlive/2014/texmf-dist/tex/context/base/supp-pdf.mkii
[Loading MPS to PDF converter (version 2006.09.02).]
\scratchcounter=\count144
\scratchdimen=\dimen178
\scratchbox=\box41
\nofMPsegments=\count145
\nofMParguments=\count146
\everyMPshowfont=\toks37
\MPscratchCnt=\count147
\MPscratchDim=\dimen179
\MPnumerator=\count148
\makeMPintoPDFobject=\count149
\everyMPtoPDFconversion=\toks38
) (/usr/local/texlive/2014/texmf-dist/tex/latex/oberdiek/epstopdf-base.sty
Package: epstopdf-base 2010/02/09 v2.5 Base part for package epstopdf

(/usr/local/texlive/2014/texmf-dist/tex/latex/oberdiek/grfext.sty
Package: grfext 2010/08/19 v1.1 Manage graphics extensions (HO)
)
Package grfext Info: Graphics extension search list:
(grfext)             [.png,.pdf,.jpg,.mps,.jpeg,.jbig2,.jb2,.PNG,.PDF,.JPG,.JPE
G,.JBIG2,.JB2,.eps]
(grfext)             \AppendGraphicsExtensions on input line 452.

(/usr/local/texlive/2014/texmf-dist/tex/latex/latexconfig/epstopdf-sys.cfg
File: epstopdf-sys.cfg 2010/07/13 v1.3 Configuration of (r)epstopdf for TeX Liv
e
))
*geometry* driver: auto-detecting
*geometry* detected driver: pdftex
*geometry* verbose mode - [ preamble ] result:
* driver: pdftex
* paper: a4paper
* layout: <same size as paper>
* layoutoffset:(h,v)=(0.0pt,0.0pt)
* modes: 
* h-part:(L,W,R)=(89.62709pt, 418.25368pt, 89.6271pt)
* v-part:(T,H,B)=(101.40665pt, 591.5302pt, 152.11pt)
* \paperwidth=597.50787pt
* \paperheight=845.04684pt
* \textwidth=418.25368pt
* \textheight=591.5302pt
* \oddsidemargin=17.3571pt
* \evensidemargin=17.3571pt
* \topmargin=-7.86334pt
* \headheight=12.0pt
* \headsep=25.0pt
* \topskip=10.0pt
* \footskip=30.0pt
* \marginparwidth=57.0pt
* \marginparsep=11.0pt
* \columnsep=10.0pt
* \skip\footins=9.0pt plus 4.0pt minus 2.0pt
* \hoffset=0.0pt
* \voffset=0.0pt
* \mag=1000
* \@twocolumnfalse
* \@twosidefalse
* \@mparswitchfalse
* \@reversemarginfalse
* (1in=72.27pt=25.4mm, 1cm=28.453pt)

\AtBeginShipoutBox=\box42
ABD: EveryShipout initializing macros
Package hyperref Info: Link coloring OFF on input line 47.

(/usr/local/texlive/2014/texmf-dist/tex/latex/hyperref/nameref.sty
Package: nameref 2012/10/27 v2.43 Cross-referencing by name of section

(/usr/local/texlive/2014/texmf-dist/tex/generic/oberdiek/gettitlestring.sty
Package: gettitlestring 2010/12/03 v1.4 Cleanup title references (HO)
)
\c@section@level=\count150
)
LaTeX Info: Redefining \ref on input line 47.
LaTeX Info: Redefining \pageref on input line 47.
LaTeX Info: Redefining \nameref on input line 47.

(./note.out) (./note.out)
\@outlinefile=\write4
\openout4 = `note.out'.

LaTeX Font Info:    Try loading font information for U+esvect on input line 49.


(/usr/local/texlive/2014/texmf-dist/tex/latex/esvect/uesvect.fd
File: uesvect.fd 
) (./note.toc)
\tf@toc=\write5
\openout5 = `note.toc'.


[1

{/usr/local/texlive/2014/texmf-var/fonts/map/pdftex/updmap/pdftex.map}]

Package hyperref Warning: Token not allowed in a PDF string (PDFDocEncoding):
(hyperref)                removing `math shift' on input line 78.


Package hyperref Warning: Token not allowed in a PDF string (PDFDocEncoding):
(hyperref)                removing `\omega' on input line 78.


Package hyperref Warning: Token not allowed in a PDF string (PDFDocEncoding):
(hyperref)                removing `\rightarrow' on input line 78.


Package hyperref Warning: Token not allowed in a PDF string (PDFDocEncoding):
(hyperref)                removing `\pi' on input line 78.


Package hyperref Warning: Token not allowed in a PDF string (PDFDocEncoding):
(hyperref)                removing `superscript' on input line 78.


Package hyperref Warning: Token not allowed in a PDF string (PDFDocEncoding):
(hyperref)                removing `\pi' on input line 78.


Package hyperref Warning: Token not allowed in a PDF string (PDFDocEncoding):
(hyperref)                removing `superscript' on input line 78.


Package hyperref Warning: Token not allowed in a PDF string (PDFDocEncoding):
(hyperref)                removing `\pi' on input line 78.


Package hyperref Warning: Token not allowed in a PDF string (PDFDocEncoding):
(hyperref)                removing `superscript' on input line 78.


Package hyperref Warning: Token not allowed in a PDF string (PDFDocEncoding):
(hyperref)                removing `math shift' on input line 78.


Package hyperref Warning: Token not allowed in a PDF string (PDFDocEncoding):
(hyperref)                removing `math shift' on input line 90.


Package hyperref Warning: Token not allowed in a PDF string (PDFDocEncoding):
(hyperref)                removing `\omega' on input line 90.


Package hyperref Warning: Token not allowed in a PDF string (PDFDocEncoding):
(hyperref)                removing `\rightarrow' on input line 90.


Package hyperref Warning: Token not allowed in a PDF string (PDFDocEncoding):
(hyperref)                removing `\pi' on input line 90.


Package hyperref Warning: Token not allowed in a PDF string (PDFDocEncoding):
(hyperref)                removing `superscript' on input line 90.


Package hyperref Warning: Token not allowed in a PDF string (PDFDocEncoding):
(hyperref)                removing `\pi' on input line 90.


Package hyperref Warning: Token not allowed in a PDF string (PDFDocEncoding):
(hyperref)                removing `superscript' on input line 90.


Package hyperref Warning: Token not allowed in a PDF string (PDFDocEncoding):
(hyperref)                removing `\pi' on input line 90.


Package hyperref Warning: Token not allowed in a PDF string (PDFDocEncoding):
(hyperref)                removing `superscript' on input line 90.


Package hyperref Warning: Token not allowed in a PDF string (PDFDocEncoding):
(hyperref)                removing `math shift' on input line 90.

[2]
LaTeX Font Info:    Try loading font information for OMS+cmr on input line 98.
 (/usr/local/texlive/2014/texmf-dist/tex/latex/base/omscmr.fd
File: omscmr.fd 2014/09/29 v2.5h Standard LaTeX font definitions
)
LaTeX Font Info:    Font shape `OMS/cmr/m/n' in size <10> not available
(Font)              Font shape `OMS/cmsy/m/n' tried instead on input line 98.
 [3]

Package hyperref Warning: Token not allowed in a PDF string (PDFDocEncoding):
(hyperref)                removing `math shift' on input line 150.


Package hyperref Warning: Token not allowed in a PDF string (PDFDocEncoding):
(hyperref)                removing `\omega' on input line 150.


Package hyperref Warning: Token not allowed in a PDF string (PDFDocEncoding):
(hyperref)                removing `\rightarrow' on input line 150.


Package hyperref Warning: Token not allowed in a PDF string (PDFDocEncoding):
(hyperref)                removing `\pi' on input line 150.


Package hyperref Warning: Token not allowed in a PDF string (PDFDocEncoding):
(hyperref)                removing `superscript' on input line 150.


Package hyperref Warning: Token not allowed in a PDF string (PDFDocEncoding):
(hyperref)                removing `\pi' on input line 150.


Package hyperref Warning: Token not allowed in a PDF string (PDFDocEncoding):
(hyperref)                removing `superscript' on input line 150.


Package hyperref Warning: Token not allowed in a PDF string (PDFDocEncoding):
(hyperref)                removing `\pi' on input line 150.


Package hyperref Warning: Token not allowed in a PDF string (PDFDocEncoding):
(hyperref)                removing `superscript' on input line 150.


Package hyperref Warning: Token not allowed in a PDF string (PDFDocEncoding):
(hyperref)                removing `math shift' on input line 150.

[4] [5]

Package hyperref Warning: Token not allowed in a PDF string (PDFDocEncoding):
(hyperref)                removing `math shift' on input line 243.


Package hyperref Warning: Token not allowed in a PDF string (PDFDocEncoding):
(hyperref)                removing `\omega' on input line 243.


Package hyperref Warning: Token not allowed in a PDF string (PDFDocEncoding):
(hyperref)                removing `\rightarrow' on input line 243.


Package hyperref Warning: Token not allowed in a PDF string (PDFDocEncoding):
(hyperref)                removing `\pi' on input line 243.


Package hyperref Warning: Token not allowed in a PDF string (PDFDocEncoding):
(hyperref)                removing `superscript' on input line 243.


Package hyperref Warning: Token not allowed in a PDF string (PDFDocEncoding):
(hyperref)                removing `\pi' on input line 243.


Package hyperref Warning: Token not allowed in a PDF string (PDFDocEncoding):
(hyperref)                removing `superscript' on input line 243.


Package hyperref Warning: Token not allowed in a PDF string (PDFDocEncoding):
(hyperref)                removing `\pi' on input line 243.


Package hyperref Warning: Token not allowed in a PDF string (PDFDocEncoding):
(hyperref)                removing `superscript' on input line 243.


Package hyperref Warning: Token not allowed in a PDF string (PDFDocEncoding):
(hyperref)                removing `math shift' on input line 243.

[6] [7]
Package epstopdf Info: Source file: <xsec/flux.eps>
(epstopdf)                    date: 2015-09-11 17:05:40
(epstopdf)                    size: 10107 bytes
(epstopdf)             Output file: <xsec/flux-eps-converted-to.pdf>
(epstopdf)                    date: 2015-09-11 17:05:44
(epstopdf)                    size: 10369 bytes
(epstopdf)             Command: <repstopdf --outfile=xsec/flux-eps-converted-to
.pdf xsec/flux.eps>
(epstopdf)             \includegraphics on input line 306.
Package epstopdf Info: Output file is already uptodate.
 <xsec/flux-eps-converted-to.pdf, id=216, 569.12625pt x 385.44pt>
File: xsec/flux-eps-converted-to.pdf Graphic file (type pdf)

<use xsec/flux-eps-converted-to.pdf>
Package pdftex.def Info: xsec/flux-eps-converted-to.pdf used on input line 306.

(pdftex.def)             Requested size: 292.77629pt x 198.28914pt.
Package epstopdf Info: Source file: <xsec/events.eps>
(epstopdf)                    date: 2015-09-11 17:05:40
(epstopdf)                    size: 9223 bytes
(epstopdf)             Output file: <xsec/events-eps-converted-to.pdf>
(epstopdf)                    date: 2015-09-11 17:05:45
(epstopdf)                    size: 14860 bytes
(epstopdf)             Command: <repstopdf --outfile=xsec/events-eps-converted-
to.pdf xsec/events.eps>
(epstopdf)             \includegraphics on input line 317.
Package epstopdf Info: Output file is already uptodate.

<xsec/events-eps-converted-to.pdf, id=218, 569.12625pt x 385.44pt>
File: xsec/events-eps-converted-to.pdf Graphic file (type pdf)

<use xsec/events-eps-converted-to.pdf>
Package pdftex.def Info: xsec/events-eps-converted-to.pdf used on input line 31
7.
(pdftex.def)             Requested size: 196.57973pt x 133.13573pt.
Package epstopdf Info: Source file: <xsec/eventsRatio.eps>
(epstopdf)                    date: 2015-09-11 17:05:40
(epstopdf)                    size: 9852 bytes
(epstopdf)             Output file: <xsec/eventsRatio-eps-converted-to.pdf>
(epstopdf)                    date: 2015-09-11 17:05:46
(epstopdf)                    size: 9932 bytes
(epstopdf)             Command: <repstopdf --outfile=xsec/eventsRatio-eps-conve
rted-to.pdf xsec/eventsRatio.eps>
(epstopdf)             \includegraphics on input line 318.
Package epstopdf Info: Output file is already uptodate.

<xsec/eventsRatio-eps-converted-to.pdf, id=219, 569.12625pt x 385.44pt>
File: xsec/eventsRatio-eps-converted-to.pdf Graphic file (type pdf)

<use xsec/eventsRatio-eps-converted-to.pdf>
Package pdftex.def Info: xsec/eventsRatio-eps-converted-to.pdf used on input li
ne 318.
(pdftex.def)             Requested size: 196.57973pt x 133.13573pt.
 [8 <./xsec/flux-eps-converted-to.pdf>]

Package hyperref Warning: Token not allowed in a PDF string (PDFDocEncoding):
(hyperref)                removing `math shift' on input line 330.


Package hyperref Warning: Token not allowed in a PDF string (PDFDocEncoding):
(hyperref)                removing `\not' on input line 330.


Package hyperref Warning: Token not allowed in a PDF string (PDFDocEncoding):
(hyperref)                removing `math shift' on input line 330.

[9 <./xsec/events-eps-converted-to.pdf> <./xsec/eventsRatio-eps-converted-to.pd
f>] [10]
Package epstopdf Info: Source file: <xsec/xsec_1.eps>
(epstopdf)                    date: 2015-09-11 17:05:37
(epstopdf)                    size: 58127 bytes
(epstopdf)             Output file: <xsec/xsec_1-eps-converted-to.pdf>
(epstopdf)                    date: 2015-09-11 17:05:46
(epstopdf)                    size: 27940 bytes
(epstopdf)             Command: <repstopdf --outfile=xsec/xsec_1-eps-converted-
to.pdf xsec/xsec_1.eps>
(epstopdf)             \includegraphics on input line 425.
Package epstopdf Info: Output file is already uptodate.
 <xsec/xsec_1-eps-converted-to.pdf, id=264, 569.12625pt x 385.44pt>
File: xsec/xsec_1-eps-converted-to.pdf Graphic file (type pdf)

<use xsec/xsec_1-eps-converted-to.pdf>
Package pdftex.def Info: xsec/xsec_1-eps-converted-to.pdf used on input line 42
5.
(pdftex.def)             Requested size: 418.25368pt x 283.27441pt.
 [11 <./xsec/xsec_1-eps-converted-to.pdf>]
Package epstopdf Info: Source file: <xsec/xsec_2.eps>
(epstopdf)                    date: 2015-09-11 17:05:37
(epstopdf)                    size: 58568 bytes
(epstopdf)             Output file: <xsec/xsec_2-eps-converted-to.pdf>
(epstopdf)                    date: 2015-09-11 17:05:47
(epstopdf)                    size: 27921 bytes
(epstopdf)             Command: <repstopdf --outfile=xsec/xsec_2-eps-converted-
to.pdf xsec/xsec_2.eps>
(epstopdf)             \includegraphics on input line 425.
Package epstopdf Info: Output file is already uptodate.
 <xsec/xsec_2-eps-converted-to.pdf, id=277, 569.12625pt x 385.44pt>
File: xsec/xsec_2-eps-converted-to.pdf Graphic file (type pdf)

<use xsec/xsec_2-eps-converted-to.pdf>
Package pdftex.def Info: xsec/xsec_2-eps-converted-to.pdf used on input line 42
5.
(pdftex.def)             Requested size: 418.25368pt x 283.27441pt.
 [12 <./xsec/xsec_2-eps-converted-to.pdf>]
Package epstopdf Info: Source file: <xsec/xsec_3.eps>
(epstopdf)                    date: 2015-09-11 17:05:37
(epstopdf)                    size: 59135 bytes
(epstopdf)             Output file: <xsec/xsec_3-eps-converted-to.pdf>
(epstopdf)                    date: 2015-09-11 17:05:47
(epstopdf)                    size: 27651 bytes
(epstopdf)             Command: <repstopdf --outfile=xsec/xsec_3-eps-converted-
to.pdf xsec/xsec_3.eps>
(epstopdf)             \includegraphics on input line 425.
Package epstopdf Info: Output file is already uptodate.
 <xsec/xsec_3-eps-converted-to.pdf, id=287, 569.12625pt x 385.44pt>
File: xsec/xsec_3-eps-converted-to.pdf Graphic file (type pdf)

<use xsec/xsec_3-eps-converted-to.pdf>
Package pdftex.def Info: xsec/xsec_3-eps-converted-to.pdf used on input line 42
5.
(pdftex.def)             Requested size: 418.25368pt x 283.27441pt.
 [13 <./xsec/xsec_3-eps-converted-to.pdf>]
Package epstopdf Info: Source file: <xsec/xsec_4.eps>
(epstopdf)                    date: 2015-09-11 17:05:37
(epstopdf)                    size: 58387 bytes
(epstopdf)             Output file: <xsec/xsec_4-eps-converted-to.pdf>
(epstopdf)                    date: 2015-09-11 17:05:48
(epstopdf)                    size: 27985 bytes
(epstopdf)             Command: <repstopdf --outfile=xsec/xsec_4-eps-converted-
to.pdf xsec/xsec_4.eps>
(epstopdf)             \includegraphics on input line 425.
Package epstopdf Info: Output file is already uptodate.
 <xsec/xsec_4-eps-converted-to.pdf, id=298, 569.12625pt x 385.44pt>
File: xsec/xsec_4-eps-converted-to.pdf Graphic file (type pdf)

<use xsec/xsec_4-eps-converted-to.pdf>
Package pdftex.def Info: xsec/xsec_4-eps-converted-to.pdf used on input line 42
5.
(pdftex.def)             Requested size: 418.25368pt x 283.27441pt.
 [14 <./xsec/xsec_4-eps-converted-to.pdf>]
Package epstopdf Info: Source file: <xsec/xsec_5.eps>
(epstopdf)                    date: 2015-09-11 17:05:37
(epstopdf)                    size: 59486 bytes
(epstopdf)             Output file: <xsec/xsec_5-eps-converted-to.pdf>
(epstopdf)                    date: 2015-09-11 17:05:48
(epstopdf)                    size: 28231 bytes
(epstopdf)             Command: <repstopdf --outfile=xsec/xsec_5-eps-converted-
to.pdf xsec/xsec_5.eps>
(epstopdf)             \includegraphics on input line 425.
Package epstopdf Info: Output file is already uptodate.
 <xsec/xsec_5-eps-converted-to.pdf, id=308, 569.12625pt x 385.44pt>
File: xsec/xsec_5-eps-converted-to.pdf Graphic file (type pdf)

<use xsec/xsec_5-eps-converted-to.pdf>
Package pdftex.def Info: xsec/xsec_5-eps-converted-to.pdf used on input line 42
5.
(pdftex.def)             Requested size: 418.25368pt x 283.27441pt.
 [15 <./xsec/xsec_5-eps-converted-to.pdf>]
Package epstopdf Info: Source file: <xsec/xsec_6.eps>
(epstopdf)                    date: 2015-09-11 17:05:37
(epstopdf)                    size: 58521 bytes
(epstopdf)             Output file: <xsec/xsec_6-eps-converted-to.pdf>
(epstopdf)                    date: 2015-09-11 17:05:49
(epstopdf)                    size: 27544 bytes
(epstopdf)             Command: <repstopdf --outfile=xsec/xsec_6-eps-converted-
to.pdf xsec/xsec_6.eps>
(epstopdf)             \includegraphics on input line 425.
Package epstopdf Info: Output file is already uptodate.
 <xsec/xsec_6-eps-converted-to.pdf, id=318, 569.12625pt x 385.44pt>
File: xsec/xsec_6-eps-converted-to.pdf Graphic file (type pdf)

<use xsec/xsec_6-eps-converted-to.pdf>
Package pdftex.def Info: xsec/xsec_6-eps-converted-to.pdf used on input line 42
5.
(pdftex.def)             Requested size: 418.25368pt x 283.27441pt.
 [16 <./xsec/xsec_6-eps-converted-to.pdf>]
Package epstopdf Info: Source file: <xsec/xsec_7.eps>
(epstopdf)                    date: 2015-09-11 17:05:38
(epstopdf)                    size: 58956 bytes
(epstopdf)             Output file: <xsec/xsec_7-eps-converted-to.pdf>
(epstopdf)                    date: 2015-09-11 17:05:49
(epstopdf)                    size: 27950 bytes
(epstopdf)             Command: <repstopdf --outfile=xsec/xsec_7-eps-converted-
to.pdf xsec/xsec_7.eps>
(epstopdf)             \includegraphics on input line 425.
Package epstopdf Info: Output file is already uptodate.
 <xsec/xsec_7-eps-converted-to.pdf, id=328, 569.12625pt x 385.44pt>
File: xsec/xsec_7-eps-converted-to.pdf Graphic file (type pdf)

<use xsec/xsec_7-eps-converted-to.pdf>
Package pdftex.def Info: xsec/xsec_7-eps-converted-to.pdf used on input line 42
5.
(pdftex.def)             Requested size: 418.25368pt x 283.27441pt.
 [17 <./xsec/xsec_7-eps-converted-to.pdf>]
Package epstopdf Info: Source file: <xsec/xsec_8.eps>
(epstopdf)                    date: 2015-09-11 17:05:38
(epstopdf)                    size: 58719 bytes
(epstopdf)             Output file: <xsec/xsec_8-eps-converted-to.pdf>
(epstopdf)                    date: 2015-09-11 17:05:49
(epstopdf)                    size: 27629 bytes
(epstopdf)             Command: <repstopdf --outfile=xsec/xsec_8-eps-converted-
to.pdf xsec/xsec_8.eps>
(epstopdf)             \includegraphics on input line 425.
Package epstopdf Info: Output file is already uptodate.
 <xsec/xsec_8-eps-converted-to.pdf, id=338, 569.12625pt x 385.44pt>
File: xsec/xsec_8-eps-converted-to.pdf Graphic file (type pdf)

<use xsec/xsec_8-eps-converted-to.pdf>
Package pdftex.def Info: xsec/xsec_8-eps-converted-to.pdf used on input line 42
5.
(pdftex.def)             Requested size: 418.25368pt x 283.27441pt.
 [18 <./xsec/xsec_8-eps-converted-to.pdf>]
Package epstopdf Info: Source file: <xsec/xsec_9.eps>
(epstopdf)                    date: 2015-09-11 17:05:38
(epstopdf)                    size: 59133 bytes
(epstopdf)             Output file: <xsec/xsec_9-eps-converted-to.pdf>
(epstopdf)                    date: 2015-09-11 17:05:50
(epstopdf)                    size: 27833 bytes
(epstopdf)             Command: <repstopdf --outfile=xsec/xsec_9-eps-converted-
to.pdf xsec/xsec_9.eps>
(epstopdf)             \includegraphics on input line 425.
Package epstopdf Info: Output file is already uptodate.
 <xsec/xsec_9-eps-converted-to.pdf, id=348, 569.12625pt x 385.44pt>
File: xsec/xsec_9-eps-converted-to.pdf Graphic file (type pdf)

<use xsec/xsec_9-eps-converted-to.pdf>
Package pdftex.def Info: xsec/xsec_9-eps-converted-to.pdf used on input line 42
5.
(pdftex.def)             Requested size: 418.25368pt x 283.27441pt.
 [19 <./xsec/xsec_9-eps-converted-to.pdf>]
Package epstopdf Info: Source file: <xsec/xsec_10.eps>
(epstopdf)                    date: 2015-09-11 17:05:38
(epstopdf)                    size: 59484 bytes
(epstopdf)             Output file: <xsec/xsec_10-eps-converted-to.pdf>
(epstopdf)                    date: 2015-09-11 17:05:50
(epstopdf)                    size: 28178 bytes
(epstopdf)             Command: <repstopdf --outfile=xsec/xsec_10-eps-converted
-to.pdf xsec/xsec_10.eps>
(epstopdf)             \includegraphics on input line 425.
Package epstopdf Info: Output file is already uptodate.
 <xsec/xsec_10-eps-converted-to.pdf, id=359, 569.12625pt x 385.44pt>
File: xsec/xsec_10-eps-converted-to.pdf Graphic file (type pdf)

<use xsec/xsec_10-eps-converted-to.pdf>
Package pdftex.def Info: xsec/xsec_10-eps-converted-to.pdf used on input line 4
25.
(pdftex.def)             Requested size: 418.25368pt x 283.27441pt.
 [20 <./xsec/xsec_10-eps-converted-to.pdf>]
Package epstopdf Info: Source file: <xsec/xsec_11.eps>
(epstopdf)                    date: 2015-09-11 17:05:38
(epstopdf)                    size: 58646 bytes
(epstopdf)             Output file: <xsec/xsec_11-eps-converted-to.pdf>
(epstopdf)                    date: 2015-09-11 17:05:51
(epstopdf)                    size: 27784 bytes
(epstopdf)             Command: <repstopdf --outfile=xsec/xsec_11-eps-converted
-to.pdf xsec/xsec_11.eps>
(epstopdf)             \includegraphics on input line 425.
Package epstopdf Info: Output file is already uptodate.
 <xsec/xsec_11-eps-converted-to.pdf, id=369, 569.12625pt x 385.44pt>
File: xsec/xsec_11-eps-converted-to.pdf Graphic file (type pdf)

<use xsec/xsec_11-eps-converted-to.pdf>
Package pdftex.def Info: xsec/xsec_11-eps-converted-to.pdf used on input line 4
25.
(pdftex.def)             Requested size: 418.25368pt x 283.27441pt.
 [21 <./xsec/xsec_11-eps-converted-to.pdf>]
Package epstopdf Info: Source file: <xsec/xsec_12.eps>
(epstopdf)                    date: 2015-09-11 17:05:38
(epstopdf)                    size: 59010 bytes
(epstopdf)             Output file: <xsec/xsec_12-eps-converted-to.pdf>
(epstopdf)                    date: 2015-09-11 17:05:51
(epstopdf)                    size: 27618 bytes
(epstopdf)             Command: <repstopdf --outfile=xsec/xsec_12-eps-converted
-to.pdf xsec/xsec_12.eps>
(epstopdf)             \includegraphics on input line 425.
Package epstopdf Info: Output file is already uptodate.
 <xsec/xsec_12-eps-converted-to.pdf, id=379, 569.12625pt x 385.44pt>
File: xsec/xsec_12-eps-converted-to.pdf Graphic file (type pdf)

<use xsec/xsec_12-eps-converted-to.pdf>
Package pdftex.def Info: xsec/xsec_12-eps-converted-to.pdf used on input line 4
25.
(pdftex.def)             Requested size: 418.25368pt x 283.27441pt.
 [22 <./xsec/xsec_12-eps-converted-to.pdf>]
Package epstopdf Info: Source file: <xsec/xsec_13.eps>
(epstopdf)                    date: 2015-09-11 17:05:38
(epstopdf)                    size: 59518 bytes
(epstopdf)             Output file: <xsec/xsec_13-eps-converted-to.pdf>
(epstopdf)                    date: 2015-09-11 17:05:52
(epstopdf)                    size: 28339 bytes
(epstopdf)             Command: <repstopdf --outfile=xsec/xsec_13-eps-converted
-to.pdf xsec/xsec_13.eps>
(epstopdf)             \includegraphics on input line 425.
Package epstopdf Info: Output file is already uptodate.
 <xsec/xsec_13-eps-converted-to.pdf, id=389, 569.12625pt x 385.44pt>
File: xsec/xsec_13-eps-converted-to.pdf Graphic file (type pdf)

<use xsec/xsec_13-eps-converted-to.pdf>
Package pdftex.def Info: xsec/xsec_13-eps-converted-to.pdf used on input line 4
25.
(pdftex.def)             Requested size: 418.25368pt x 283.27441pt.
 [23 <./xsec/xsec_13-eps-converted-to.pdf>]
Package epstopdf Info: Source file: <xsec/xsec_14.eps>
(epstopdf)                    date: 2015-09-11 17:05:38
(epstopdf)                    size: 58514 bytes
(epstopdf)             Output file: <xsec/xsec_14-eps-converted-to.pdf>
(epstopdf)                    date: 2015-09-11 17:05:52
(epstopdf)                    size: 27912 bytes
(epstopdf)             Command: <repstopdf --outfile=xsec/xsec_14-eps-converted
-to.pdf xsec/xsec_14.eps>
(epstopdf)             \includegraphics on input line 425.
Package epstopdf Info: Output file is already uptodate.
 <xsec/xsec_14-eps-converted-to.pdf, id=399, 569.12625pt x 385.44pt>
File: xsec/xsec_14-eps-converted-to.pdf Graphic file (type pdf)

<use xsec/xsec_14-eps-converted-to.pdf>
Package pdftex.def Info: xsec/xsec_14-eps-converted-to.pdf used on input line 4
25.
(pdftex.def)             Requested size: 418.25368pt x 283.27441pt.
 [24 <./xsec/xsec_14-eps-converted-to.pdf>]
Package epstopdf Info: Source file: <xsec/xsec_15.eps>
(epstopdf)                    date: 2015-09-11 17:05:38
(epstopdf)                    size: 58481 bytes
(epstopdf)             Output file: <xsec/xsec_15-eps-converted-to.pdf>
(epstopdf)                    date: 2015-09-11 17:05:53
(epstopdf)                    size: 28116 bytes
(epstopdf)             Command: <repstopdf --outfile=xsec/xsec_15-eps-converted
-to.pdf xsec/xsec_15.eps>
(epstopdf)             \includegraphics on input line 425.
Package epstopdf Info: Output file is already uptodate.
 <xsec/xsec_15-eps-converted-to.pdf, id=409, 569.12625pt x 385.44pt>
File: xsec/xsec_15-eps-converted-to.pdf Graphic file (type pdf)

<use xsec/xsec_15-eps-converted-to.pdf>
Package pdftex.def Info: xsec/xsec_15-eps-converted-to.pdf used on input line 4
25.
(pdftex.def)             Requested size: 418.25368pt x 283.27441pt.
 [25 <./xsec/xsec_15-eps-converted-to.pdf>]
Package epstopdf Info: Source file: <xsec/xsec_16.eps>
(epstopdf)                    date: 2015-09-11 17:05:38
(epstopdf)                    size: 58119 bytes
(epstopdf)             Output file: <xsec/xsec_16-eps-converted-to.pdf>
(epstopdf)                    date: 2015-09-11 17:05:53
(epstopdf)                    size: 28049 bytes
(epstopdf)             Command: <repstopdf --outfile=xsec/xsec_16-eps-converted
-to.pdf xsec/xsec_16.eps>
(epstopdf)             \includegraphics on input line 425.
Package epstopdf Info: Output file is already uptodate.
 <xsec/xsec_16-eps-converted-to.pdf, id=420, 569.12625pt x 385.44pt>
File: xsec/xsec_16-eps-converted-to.pdf Graphic file (type pdf)

<use xsec/xsec_16-eps-converted-to.pdf>
Package pdftex.def Info: xsec/xsec_16-eps-converted-to.pdf used on input line 4
25.
(pdftex.def)             Requested size: 418.25368pt x 283.27441pt.
 [26 <./xsec/xsec_16-eps-converted-to.pdf>]
Package epstopdf Info: Source file: <xsec/xsec_17.eps>
(epstopdf)                    date: 2015-09-11 17:05:38
(epstopdf)                    size: 58247 bytes
(epstopdf)             Output file: <xsec/xsec_17-eps-converted-to.pdf>
(epstopdf)                    date: 2015-09-11 17:05:53
(epstopdf)                    size: 27678 bytes
(epstopdf)             Command: <repstopdf --outfile=xsec/xsec_17-eps-converted
-to.pdf xsec/xsec_17.eps>
(epstopdf)             \includegraphics on input line 425.
Package epstopdf Info: Output file is already uptodate.
 <xsec/xsec_17-eps-converted-to.pdf, id=431, 569.12625pt x 385.44pt>
File: xsec/xsec_17-eps-converted-to.pdf Graphic file (type pdf)

<use xsec/xsec_17-eps-converted-to.pdf>
Package pdftex.def Info: xsec/xsec_17-eps-converted-to.pdf used on input line 4
25.
(pdftex.def)             Requested size: 418.25368pt x 283.27441pt.
 [27 <./xsec/xsec_17-eps-converted-to.pdf>]
Package epstopdf Info: Source file: <xsec/xsec_18.eps>
(epstopdf)                    date: 2015-09-11 17:05:38
(epstopdf)                    size: 58404 bytes
(epstopdf)             Output file: <xsec/xsec_18-eps-converted-to.pdf>
(epstopdf)                    date: 2015-09-11 17:05:54
(epstopdf)                    size: 27690 bytes
(epstopdf)             Command: <repstopdf --outfile=xsec/xsec_18-eps-converted
-to.pdf xsec/xsec_18.eps>
(epstopdf)             \includegraphics on input line 425.
Package epstopdf Info: Output file is already uptodate.
 <xsec/xsec_18-eps-converted-to.pdf, id=441, 569.12625pt x 385.44pt>
File: xsec/xsec_18-eps-converted-to.pdf Graphic file (type pdf)

<use xsec/xsec_18-eps-converted-to.pdf>
Package pdftex.def Info: xsec/xsec_18-eps-converted-to.pdf used on input line 4
25.
(pdftex.def)             Requested size: 418.25368pt x 283.27441pt.
 [28 <./xsec/xsec_18-eps-converted-to.pdf>]
Package epstopdf Info: Source file: <xsec/xsec_19.eps>
(epstopdf)                    date: 2015-09-11 17:05:38
(epstopdf)                    size: 59222 bytes
(epstopdf)             Output file: <xsec/xsec_19-eps-converted-to.pdf>
(epstopdf)                    date: 2015-09-11 17:05:54
(epstopdf)                    size: 27858 bytes
(epstopdf)             Command: <repstopdf --outfile=xsec/xsec_19-eps-converted
-to.pdf xsec/xsec_19.eps>
(epstopdf)             \includegraphics on input line 425.
Package epstopdf Info: Output file is already uptodate.
 <xsec/xsec_19-eps-converted-to.pdf, id=451, 569.12625pt x 385.44pt>
File: xsec/xsec_19-eps-converted-to.pdf Graphic file (type pdf)

<use xsec/xsec_19-eps-converted-to.pdf>
Package pdftex.def Info: xsec/xsec_19-eps-converted-to.pdf used on input line 4
25.
(pdftex.def)             Requested size: 418.25368pt x 283.27441pt.
 [29 <./xsec/xsec_19-eps-converted-to.pdf>]
Package epstopdf Info: Source file: <xsec/xsec_20.eps>
(epstopdf)                    date: 2015-09-11 17:05:39
(epstopdf)                    size: 59132 bytes
(epstopdf)             Output file: <xsec/xsec_20-eps-converted-to.pdf>
(epstopdf)                    date: 2015-09-11 17:05:55
(epstopdf)                    size: 28074 bytes
(epstopdf)             Command: <repstopdf --outfile=xsec/xsec_20-eps-converted
-to.pdf xsec/xsec_20.eps>
(epstopdf)             \includegraphics on input line 425.
Package epstopdf Info: Output file is already uptodate.
 <xsec/xsec_20-eps-converted-to.pdf, id=461, 569.12625pt x 385.44pt>
File: xsec/xsec_20-eps-converted-to.pdf Graphic file (type pdf)

<use xsec/xsec_20-eps-converted-to.pdf>
Package pdftex.def Info: xsec/xsec_20-eps-converted-to.pdf used on input line 4
25.
(pdftex.def)             Requested size: 418.25368pt x 283.27441pt.
 [30 <./xsec/xsec_20-eps-converted-to.pdf>]
Package epstopdf Info: Source file: <xsec/xsec_21.eps>
(epstopdf)                    date: 2015-09-11 17:05:39
(epstopdf)                    size: 59047 bytes
(epstopdf)             Output file: <xsec/xsec_21-eps-converted-to.pdf>
(epstopdf)                    date: 2015-09-11 17:05:55
(epstopdf)                    size: 28042 bytes
(epstopdf)             Command: <repstopdf --outfile=xsec/xsec_21-eps-converted
-to.pdf xsec/xsec_21.eps>
(epstopdf)             \includegraphics on input line 425.
Package epstopdf Info: Output file is already uptodate.
 <xsec/xsec_21-eps-converted-to.pdf, id=471, 569.12625pt x 385.44pt>
File: xsec/xsec_21-eps-converted-to.pdf Graphic file (type pdf)

<use xsec/xsec_21-eps-converted-to.pdf>
Package pdftex.def Info: xsec/xsec_21-eps-converted-to.pdf used on input line 4
25.
(pdftex.def)             Requested size: 418.25368pt x 283.27441pt.
 [31 <./xsec/xsec_21-eps-converted-to.pdf>]
Package epstopdf Info: Source file: <xsec/xsec_22.eps>
(epstopdf)                    date: 2015-09-11 17:05:39
(epstopdf)                    size: 59297 bytes
(epstopdf)             Output file: <xsec/xsec_22-eps-converted-to.pdf>
(epstopdf)                    date: 2015-09-11 17:05:56
(epstopdf)                    size: 28039 bytes
(epstopdf)             Command: <repstopdf --outfile=xsec/xsec_22-eps-converted
-to.pdf xsec/xsec_22.eps>
(epstopdf)             \includegraphics on input line 425.
Package epstopdf Info: Output file is already uptodate.
 <xsec/xsec_22-eps-converted-to.pdf, id=482, 569.12625pt x 385.44pt>
File: xsec/xsec_22-eps-converted-to.pdf Graphic file (type pdf)

<use xsec/xsec_22-eps-converted-to.pdf>
Package pdftex.def Info: xsec/xsec_22-eps-converted-to.pdf used on input line 4
25.
(pdftex.def)             Requested size: 418.25368pt x 283.27441pt.
 [32 <./xsec/xsec_22-eps-converted-to.pdf>]
Package epstopdf Info: Source file: <xsec/xsec_23.eps>
(epstopdf)                    date: 2015-09-11 17:05:39
(epstopdf)                    size: 59094 bytes
(epstopdf)             Output file: <xsec/xsec_23-eps-converted-to.pdf>
(epstopdf)                    date: 2015-09-11 17:05:56
(epstopdf)                    size: 27921 bytes
(epstopdf)             Command: <repstopdf --outfile=xsec/xsec_23-eps-converted
-to.pdf xsec/xsec_23.eps>
(epstopdf)             \includegraphics on input line 425.
Package epstopdf Info: Output file is already uptodate.
 <xsec/xsec_23-eps-converted-to.pdf, id=492, 569.12625pt x 385.44pt>
File: xsec/xsec_23-eps-converted-to.pdf Graphic file (type pdf)

<use xsec/xsec_23-eps-converted-to.pdf>
Package pdftex.def Info: xsec/xsec_23-eps-converted-to.pdf used on input line 4
25.
(pdftex.def)             Requested size: 418.25368pt x 283.27441pt.
 [33 <./xsec/xsec_23-eps-converted-to.pdf>]
Package epstopdf Info: Source file: <xsec/xsec_24.eps>
(epstopdf)                    date: 2015-09-11 17:05:39
(epstopdf)                    size: 58992 bytes
(epstopdf)             Output file: <xsec/xsec_24-eps-converted-to.pdf>
(epstopdf)                    date: 2015-09-11 17:05:57
(epstopdf)                    size: 27598 bytes
(epstopdf)             Command: <repstopdf --outfile=xsec/xsec_24-eps-converted
-to.pdf xsec/xsec_24.eps>
(epstopdf)             \includegraphics on input line 425.
Package epstopdf Info: Output file is already uptodate.
 <xsec/xsec_24-eps-converted-to.pdf, id=502, 569.12625pt x 385.44pt>
File: xsec/xsec_24-eps-converted-to.pdf Graphic file (type pdf)

<use xsec/xsec_24-eps-converted-to.pdf>
Package pdftex.def Info: xsec/xsec_24-eps-converted-to.pdf used on input line 4
25.
(pdftex.def)             Requested size: 418.25368pt x 283.27441pt.
 [34 <./xsec/xsec_24-eps-converted-to.pdf>]
Package epstopdf Info: Source file: <xsec/xsec_25.eps>
(epstopdf)                    date: 2015-09-11 17:05:39
(epstopdf)                    size: 57937 bytes
(epstopdf)             Output file: <xsec/xsec_25-eps-converted-to.pdf>
(epstopdf)                    date: 2015-09-11 17:05:57
(epstopdf)                    size: 27639 bytes
(epstopdf)             Command: <repstopdf --outfile=xsec/xsec_25-eps-converted
-to.pdf xsec/xsec_25.eps>
(epstopdf)             \includegraphics on input line 425.
Package epstopdf Info: Output file is already uptodate.
 <xsec/xsec_25-eps-converted-to.pdf, id=512, 569.12625pt x 385.44pt>
File: xsec/xsec_25-eps-converted-to.pdf Graphic file (type pdf)

<use xsec/xsec_25-eps-converted-to.pdf>
Package pdftex.def Info: xsec/xsec_25-eps-converted-to.pdf used on input line 4
25.
(pdftex.def)             Requested size: 418.25368pt x 283.27441pt.
 [35 <./xsec/xsec_25-eps-converted-to.pdf>]
Package epstopdf Info: Source file: <xsec/xsec_26.eps>
(epstopdf)                    date: 2015-09-11 17:05:39
(epstopdf)                    size: 58483 bytes
(epstopdf)             Output file: <xsec/xsec_26-eps-converted-to.pdf>
(epstopdf)                    date: 2015-09-11 17:05:58
(epstopdf)                    size: 27935 bytes
(epstopdf)             Command: <repstopdf --outfile=xsec/xsec_26-eps-converted
-to.pdf xsec/xsec_26.eps>
(epstopdf)             \includegraphics on input line 425.
Package epstopdf Info: Output file is already uptodate.
 <xsec/xsec_26-eps-converted-to.pdf, id=522, 569.12625pt x 385.44pt>
File: xsec/xsec_26-eps-converted-to.pdf Graphic file (type pdf)

<use xsec/xsec_26-eps-converted-to.pdf>
Package pdftex.def Info: xsec/xsec_26-eps-converted-to.pdf used on input line 4
25.
(pdftex.def)             Requested size: 418.25368pt x 283.27441pt.
 [36 <./xsec/xsec_26-eps-converted-to.pdf>]
Package epstopdf Info: Source file: <xsec/xsec_27.eps>
(epstopdf)                    date: 2015-09-11 17:05:39
(epstopdf)                    size: 58828 bytes
(epstopdf)             Output file: <xsec/xsec_27-eps-converted-to.pdf>
(epstopdf)                    date: 2015-09-11 17:05:58
(epstopdf)                    size: 27526 bytes
(epstopdf)             Command: <repstopdf --outfile=xsec/xsec_27-eps-converted
-to.pdf xsec/xsec_27.eps>
(epstopdf)             \includegraphics on input line 425.
Package epstopdf Info: Output file is already uptodate.
 <xsec/xsec_27-eps-converted-to.pdf, id=532, 569.12625pt x 385.44pt>
File: xsec/xsec_27-eps-converted-to.pdf Graphic file (type pdf)

<use xsec/xsec_27-eps-converted-to.pdf>
Package pdftex.def Info: xsec/xsec_27-eps-converted-to.pdf used on input line 4
25.
(pdftex.def)             Requested size: 418.25368pt x 283.27441pt.
 [37 <./xsec/xsec_27-eps-converted-to.pdf>]
Package epstopdf Info: Source file: <xsec/xsec_28.eps>
(epstopdf)                    date: 2015-09-11 17:05:39
(epstopdf)                    size: 58835 bytes
(epstopdf)             Output file: <xsec/xsec_28-eps-converted-to.pdf>
(epstopdf)                    date: 2015-09-11 17:05:58
(epstopdf)                    size: 27740 bytes
(epstopdf)             Command: <repstopdf --outfile=xsec/xsec_28-eps-converted
-to.pdf xsec/xsec_28.eps>
(epstopdf)             \includegraphics on input line 425.
Package epstopdf Info: Output file is already uptodate.
 <xsec/xsec_28-eps-converted-to.pdf, id=543, 569.12625pt x 385.44pt>
File: xsec/xsec_28-eps-converted-to.pdf Graphic file (type pdf)

<use xsec/xsec_28-eps-converted-to.pdf>
Package pdftex.def Info: xsec/xsec_28-eps-converted-to.pdf used on input line 4
25.
(pdftex.def)             Requested size: 418.25368pt x 283.27441pt.
 [38 <./xsec/xsec_28-eps-converted-to.pdf>]
Package epstopdf Info: Source file: <xsec/xsec_29.eps>
(epstopdf)                    date: 2015-09-11 17:05:39
(epstopdf)                    size: 58804 bytes
(epstopdf)             Output file: <xsec/xsec_29-eps-converted-to.pdf>
(epstopdf)                    date: 2015-09-11 17:05:59
(epstopdf)                    size: 27884 bytes
(epstopdf)             Command: <repstopdf --outfile=xsec/xsec_29-eps-converted
-to.pdf xsec/xsec_29.eps>
(epstopdf)             \includegraphics on input line 425.
Package epstopdf Info: Output file is already uptodate.
 <xsec/xsec_29-eps-converted-to.pdf, id=553, 569.12625pt x 385.44pt>
File: xsec/xsec_29-eps-converted-to.pdf Graphic file (type pdf)

<use xsec/xsec_29-eps-converted-to.pdf>
Package pdftex.def Info: xsec/xsec_29-eps-converted-to.pdf used on input line 4
25.
(pdftex.def)             Requested size: 418.25368pt x 283.27441pt.
 [39 <./xsec/xsec_29-eps-converted-to.pdf>]
Package epstopdf Info: Source file: <xsec/xsec_30.eps>
(epstopdf)                    date: 2015-09-11 17:05:39
(epstopdf)                    size: 59283 bytes
(epstopdf)             Output file: <xsec/xsec_30-eps-converted-to.pdf>
(epstopdf)                    date: 2015-09-11 17:05:59
(epstopdf)                    size: 27595 bytes
(epstopdf)             Command: <repstopdf --outfile=xsec/xsec_30-eps-converted
-to.pdf xsec/xsec_30.eps>
(epstopdf)             \includegraphics on input line 425.
Package epstopdf Info: Output file is already uptodate.
 <xsec/xsec_30-eps-converted-to.pdf, id=563, 569.12625pt x 385.44pt>
File: xsec/xsec_30-eps-converted-to.pdf Graphic file (type pdf)

<use xsec/xsec_30-eps-converted-to.pdf>
Package pdftex.def Info: xsec/xsec_30-eps-converted-to.pdf used on input line 4
25.
(pdftex.def)             Requested size: 418.25368pt x 283.27441pt.
 [40 <./xsec/xsec_30-eps-converted-to.pdf>]
Package epstopdf Info: Source file: <xsec/xsec_31.eps>
(epstopdf)                    date: 2015-09-11 17:05:39
(epstopdf)                    size: 58886 bytes
(epstopdf)             Output file: <xsec/xsec_31-eps-converted-to.pdf>
(epstopdf)                    date: 2015-09-11 17:06:00
(epstopdf)                    size: 27568 bytes
(epstopdf)             Command: <repstopdf --outfile=xsec/xsec_31-eps-converted
-to.pdf xsec/xsec_31.eps>
(epstopdf)             \includegraphics on input line 425.
Package epstopdf Info: Output file is already uptodate.
 <xsec/xsec_31-eps-converted-to.pdf, id=574, 569.12625pt x 385.44pt>
File: xsec/xsec_31-eps-converted-to.pdf Graphic file (type pdf)

<use xsec/xsec_31-eps-converted-to.pdf>
Package pdftex.def Info: xsec/xsec_31-eps-converted-to.pdf used on input line 4
25.
(pdftex.def)             Requested size: 418.25368pt x 283.27441pt.
 [41 <./xsec/xsec_31-eps-converted-to.pdf>]
Package epstopdf Info: Source file: <xsec/xsec_32.eps>
(epstopdf)                    date: 2015-09-11 17:05:39
(epstopdf)                    size: 58604 bytes
(epstopdf)             Output file: <xsec/xsec_32-eps-converted-to.pdf>
(epstopdf)                    date: 2015-09-11 17:06:00
(epstopdf)                    size: 27717 bytes
(epstopdf)             Command: <repstopdf --outfile=xsec/xsec_32-eps-converted
-to.pdf xsec/xsec_32.eps>
(epstopdf)             \includegraphics on input line 425.
Package epstopdf Info: Output file is already uptodate.
 <xsec/xsec_32-eps-converted-to.pdf, id=584, 569.12625pt x 385.44pt>
File: xsec/xsec_32-eps-converted-to.pdf Graphic file (type pdf)

<use xsec/xsec_32-eps-converted-to.pdf>
Package pdftex.def Info: xsec/xsec_32-eps-converted-to.pdf used on input line 4
25.
(pdftex.def)             Requested size: 418.25368pt x 283.27441pt.
 [42 <./xsec/xsec_32-eps-converted-to.pdf>]
Package epstopdf Info: Source file: <xsec/xsec_33.eps>
(epstopdf)                    date: 2015-09-11 17:05:39
(epstopdf)                    size: 59379 bytes
(epstopdf)             Output file: <xsec/xsec_33-eps-converted-to.pdf>
(epstopdf)                    date: 2015-09-11 17:06:01
(epstopdf)                    size: 28058 bytes
(epstopdf)             Command: <repstopdf --outfile=xsec/xsec_33-eps-converted
-to.pdf xsec/xsec_33.eps>
(epstopdf)             \includegraphics on input line 425.
Package epstopdf Info: Output file is already uptodate.
 <xsec/xsec_33-eps-converted-to.pdf, id=594, 569.12625pt x 385.44pt>
File: xsec/xsec_33-eps-converted-to.pdf Graphic file (type pdf)

<use xsec/xsec_33-eps-converted-to.pdf>
Package pdftex.def Info: xsec/xsec_33-eps-converted-to.pdf used on input line 4
25.
(pdftex.def)             Requested size: 418.25368pt x 283.27441pt.
 [43 <./xsec/xsec_33-eps-converted-to.pdf>]
Package epstopdf Info: Source file: <xsec/xsec_34.eps>
(epstopdf)                    date: 2015-09-11 17:05:40
(epstopdf)                    size: 58856 bytes
(epstopdf)             Output file: <xsec/xsec_34-eps-converted-to.pdf>
(epstopdf)                    date: 2015-09-11 17:06:01
(epstopdf)                    size: 27751 bytes
(epstopdf)             Command: <repstopdf --outfile=xsec/xsec_34-eps-converted
-to.pdf xsec/xsec_34.eps>
(epstopdf)             \includegraphics on input line 425.
Package epstopdf Info: Output file is already uptodate.
 <xsec/xsec_34-eps-converted-to.pdf, id=605, 569.12625pt x 385.44pt>
File: xsec/xsec_34-eps-converted-to.pdf Graphic file (type pdf)

<use xsec/xsec_34-eps-converted-to.pdf>
Package pdftex.def Info: xsec/xsec_34-eps-converted-to.pdf used on input line 4
25.
(pdftex.def)             Requested size: 418.25368pt x 283.27441pt.
 [44 <./xsec/xsec_34-eps-converted-to.pdf>]
Package epstopdf Info: Source file: <xsec/xsec_35.eps>
(epstopdf)                    date: 2015-09-11 17:05:40
(epstopdf)                    size: 59136 bytes
(epstopdf)             Output file: <xsec/xsec_35-eps-converted-to.pdf>
(epstopdf)                    date: 2015-09-11 17:06:01
(epstopdf)                    size: 28033 bytes
(epstopdf)             Command: <repstopdf --outfile=xsec/xsec_35-eps-converted
-to.pdf xsec/xsec_35.eps>
(epstopdf)             \includegraphics on input line 425.
Package epstopdf Info: Output file is already uptodate.
 <xsec/xsec_35-eps-converted-to.pdf, id=615, 569.12625pt x 385.44pt>
File: xsec/xsec_35-eps-converted-to.pdf Graphic file (type pdf)

<use xsec/xsec_35-eps-converted-to.pdf>
Package pdftex.def Info: xsec/xsec_35-eps-converted-to.pdf used on input line 4
25.
(pdftex.def)             Requested size: 418.25368pt x 283.27441pt.
 [45 <./xsec/xsec_35-eps-converted-to.pdf>]
Package epstopdf Info: Source file: <xsec/xsec_36.eps>
(epstopdf)                    date: 2015-09-11 17:05:40
(epstopdf)                    size: 58632 bytes
(epstopdf)             Output file: <xsec/xsec_36-eps-converted-to.pdf>
(epstopdf)                    date: 2015-09-11 17:06:02
(epstopdf)                    size: 27827 bytes
(epstopdf)             Command: <repstopdf --outfile=xsec/xsec_36-eps-converted
-to.pdf xsec/xsec_36.eps>
(epstopdf)             \includegraphics on input line 425.
Package epstopdf Info: Output file is already uptodate.
 <xsec/xsec_36-eps-converted-to.pdf, id=625, 569.12625pt x 385.44pt>
File: xsec/xsec_36-eps-converted-to.pdf Graphic file (type pdf)

<use xsec/xsec_36-eps-converted-to.pdf>
Package pdftex.def Info: xsec/xsec_36-eps-converted-to.pdf used on input line 4
25.
(pdftex.def)             Requested size: 418.25368pt x 283.27441pt.
 [46 <./xsec/xsec_36-eps-converted-to.pdf>]
Package epstopdf Info: Source file: <xsec/xsec_37.eps>
(epstopdf)                    date: 2015-09-11 17:05:40
(epstopdf)                    size: 58951 bytes
(epstopdf)             Output file: <xsec/xsec_37-eps-converted-to.pdf>
(epstopdf)                    date: 2015-09-11 17:06:02
(epstopdf)                    size: 27821 bytes
(epstopdf)             Command: <repstopdf --outfile=xsec/xsec_37-eps-converted
-to.pdf xsec/xsec_37.eps>
(epstopdf)             \includegraphics on input line 425.
Package epstopdf Info: Output file is already uptodate.
 <xsec/xsec_37-eps-converted-to.pdf, id=635, 569.12625pt x 385.44pt>
File: xsec/xsec_37-eps-converted-to.pdf Graphic file (type pdf)

<use xsec/xsec_37-eps-converted-to.pdf>
Package pdftex.def Info: xsec/xsec_37-eps-converted-to.pdf used on input line 4
25.
(pdftex.def)             Requested size: 418.25368pt x 283.27441pt.
 [47 <./xsec/xsec_37-eps-converted-to.pdf>]
Package epstopdf Info: Source file: <xsec/xsec_38.eps>
(epstopdf)                    date: 2015-09-11 17:05:40
(epstopdf)                    size: 58490 bytes
(epstopdf)             Output file: <xsec/xsec_38-eps-converted-to.pdf>
(epstopdf)                    date: 2015-09-11 17:06:03
(epstopdf)                    size: 28050 bytes
(epstopdf)             Command: <repstopdf --outfile=xsec/xsec_38-eps-converted
-to.pdf xsec/xsec_38.eps>
(epstopdf)             \includegraphics on input line 425.
Package epstopdf Info: Output file is already uptodate.
 <xsec/xsec_38-eps-converted-to.pdf, id=645, 569.12625pt x 385.44pt>
File: xsec/xsec_38-eps-converted-to.pdf Graphic file (type pdf)

<use xsec/xsec_38-eps-converted-to.pdf>
Package pdftex.def Info: xsec/xsec_38-eps-converted-to.pdf used on input line 4
25.
(pdftex.def)             Requested size: 418.25368pt x 283.27441pt.
 [48 <./xsec/xsec_38-eps-converted-to.pdf>]
Package epstopdf Info: Source file: <xsec/xsec_39.eps>
(epstopdf)                    date: 2015-09-11 17:05:40
(epstopdf)                    size: 58753 bytes
(epstopdf)             Output file: <xsec/xsec_39-eps-converted-to.pdf>
(epstopdf)                    date: 2015-09-11 17:06:03
(epstopdf)                    size: 27896 bytes
(epstopdf)             Command: <repstopdf --outfile=xsec/xsec_39-eps-converted
-to.pdf xsec/xsec_39.eps>
(epstopdf)             \includegraphics on input line 425.
Package epstopdf Info: Output file is already uptodate.
 <xsec/xsec_39-eps-converted-to.pdf, id=655, 569.12625pt x 385.44pt>
File: xsec/xsec_39-eps-converted-to.pdf Graphic file (type pdf)

<use xsec/xsec_39-eps-converted-to.pdf>
Package pdftex.def Info: xsec/xsec_39-eps-converted-to.pdf used on input line 4
25.
(pdftex.def)             Requested size: 418.25368pt x 283.27441pt.
 [49 <./xsec/xsec_39-eps-converted-to.pdf>]
Package epstopdf Info: Source file: <xsec/xsec_40.eps>
(epstopdf)                    date: 2015-09-11 17:05:40
(epstopdf)                    size: 59359 bytes
(epstopdf)             Output file: <xsec/xsec_40-eps-converted-to.pdf>
(epstopdf)                    date: 2015-09-11 17:06:04
(epstopdf)                    size: 27687 bytes
(epstopdf)             Command: <repstopdf --outfile=xsec/xsec_40-eps-converted
-to.pdf xsec/xsec_40.eps>
(epstopdf)             \includegraphics on input line 425.
Package epstopdf Info: Output file is already uptodate.
 <xsec/xsec_40-eps-converted-to.pdf, id=666, 569.12625pt x 385.44pt>
File: xsec/xsec_40-eps-converted-to.pdf Graphic file (type pdf)

<use xsec/xsec_40-eps-converted-to.pdf>
Package pdftex.def Info: xsec/xsec_40-eps-converted-to.pdf used on input line 4
25.
(pdftex.def)             Requested size: 418.25368pt x 283.27441pt.
 [50 <./xsec/xsec_40-eps-converted-to.pdf>]
Package epstopdf Info: Source file: <xsec/xsec_41.eps>
(epstopdf)                    date: 2015-09-11 17:05:40
(epstopdf)                    size: 58527 bytes
(epstopdf)             Output file: <xsec/xsec_41-eps-converted-to.pdf>
(epstopdf)                    date: 2015-09-11 17:06:04
(epstopdf)                    size: 27510 bytes
(epstopdf)             Command: <repstopdf --outfile=xsec/xsec_41-eps-converted
-to.pdf xsec/xsec_41.eps>
(epstopdf)             \includegraphics on input line 425.
Package epstopdf Info: Output file is already uptodate.
 <xsec/xsec_41-eps-converted-to.pdf, id=676, 569.12625pt x 385.44pt>
File: xsec/xsec_41-eps-converted-to.pdf Graphic file (type pdf)

<use xsec/xsec_41-eps-converted-to.pdf>
Package pdftex.def Info: xsec/xsec_41-eps-converted-to.pdf used on input line 4
25.
(pdftex.def)             Requested size: 418.25368pt x 283.27441pt.
 [51 <./xsec/xsec_41-eps-converted-to.pdf>]
Package epstopdf Info: Source file: <xsec/xsec_42.eps>
(epstopdf)                    date: 2015-09-11 17:05:40
(epstopdf)                    size: 58293 bytes
(epstopdf)             Output file: <xsec/xsec_42-eps-converted-to.pdf>
(epstopdf)                    date: 2015-09-11 17:06:05
(epstopdf)                    size: 27544 bytes
(epstopdf)             Command: <repstopdf --outfile=xsec/xsec_42-eps-converted
-to.pdf xsec/xsec_42.eps>
(epstopdf)             \includegraphics on input line 425.
Package epstopdf Info: Output file is already uptodate.
 <xsec/xsec_42-eps-converted-to.pdf, id=686, 569.12625pt x 385.44pt>
File: xsec/xsec_42-eps-converted-to.pdf Graphic file (type pdf)

<use xsec/xsec_42-eps-converted-to.pdf>
Package pdftex.def Info: xsec/xsec_42-eps-converted-to.pdf used on input line 4
25.
(pdftex.def)             Requested size: 418.25368pt x 283.27441pt.
 [52 <./xsec/xsec_42-eps-converted-to.pdf>]
Package epstopdf Info: Source file: <xsec/xsec_43.eps>
(epstopdf)                    date: 2015-09-11 17:05:40
(epstopdf)                    size: 58878 bytes
(epstopdf)             Output file: <xsec/xsec_43-eps-converted-to.pdf>
(epstopdf)                    date: 2015-09-11 17:06:05
(epstopdf)                    size: 28044 bytes
(epstopdf)             Command: <repstopdf --outfile=xsec/xsec_43-eps-converted
-to.pdf xsec/xsec_43.eps>
(epstopdf)             \includegraphics on input line 425.
Package epstopdf Info: Output file is already uptodate.
 <xsec/xsec_43-eps-converted-to.pdf, id=696, 569.12625pt x 385.44pt>
File: xsec/xsec_43-eps-converted-to.pdf Graphic file (type pdf)

<use xsec/xsec_43-eps-converted-to.pdf>
Package pdftex.def Info: xsec/xsec_43-eps-converted-to.pdf used on input line 4
25.
(pdftex.def)             Requested size: 418.25368pt x 283.27441pt.
 [53 <./xsec/xsec_43-eps-converted-to.pdf>]
Package epstopdf Info: Source file: <xsec/xsec_44.eps>
(epstopdf)                    date: 2015-09-11 17:05:40
(epstopdf)                    size: 58767 bytes
(epstopdf)             Output file: <xsec/xsec_44-eps-converted-to.pdf>
(epstopdf)                    date: 2015-09-11 17:06:05
(epstopdf)                    size: 27745 bytes
(epstopdf)             Command: <repstopdf --outfile=xsec/xsec_44-eps-converted
-to.pdf xsec/xsec_44.eps>
(epstopdf)             \includegraphics on input line 425.
Package epstopdf Info: Output file is already uptodate.
 <xsec/xsec_44-eps-converted-to.pdf, id=706, 569.12625pt x 385.44pt>
File: xsec/xsec_44-eps-converted-to.pdf Graphic file (type pdf)

<use xsec/xsec_44-eps-converted-to.pdf>
Package pdftex.def Info: xsec/xsec_44-eps-converted-to.pdf used on input line 4
25.
(pdftex.def)             Requested size: 418.25368pt x 283.27441pt.
 [54 <./xsec/xsec_44-eps-converted-to.pdf>]
Package atveryend Info: Empty hook `BeforeClearDocument' on input line 434.
Package atveryend Info: Empty hook `AfterLastShipout' on input line 434.
 (./note.aux)
Package atveryend Info: Executing hook `AtVeryEndDocument' on input line 434.
Package atveryend Info: Executing hook `AtEndAfterFileList' on input line 434.
Package rerunfilecheck Info: File `note.out' has not changed.
(rerunfilecheck)             Checksum: A43C8D9975F0EFC5BD9FA3760D620393;1284.


LaTeX Warning: There were multiply-defined labels.

Package atveryend Info: Empty hook `AtVeryVeryEnd' on input line 434.
 ) 
Here is how much of TeX's memory you used:
 21174 strings out of 493109
 381066 string characters out of 6135010
 469040 words of memory out of 5000000
 24109 multiletter control sequences out of 15000+600000
 15874 words of font info for 63 fonts, out of 8000000 for 9000
 1141 hyphenation exceptions out of 8191
 55i,13n,54p,402b,465s stack positions out of 5000i,500n,10000p,200000b,80000s
</usr/local/texlive/2014/texmf-dist/fonts/type1/public/amsfonts/cm/cmbx10.pfb
></usr/local/texlive/2014/texmf-dist/fonts/type1/public/amsfonts/cm/cmbx12.pfb>
</usr/local/texlive/2014/texmf-dist/fonts/type1/public/amsfonts/cm/cmbx9.pfb></
usr/local/texlive/2014/texmf-dist/fonts/type1/public/amsfonts/cm/cmex10.pfb></u
sr/local/texlive/2014/texmf-dist/fonts/type1/public/amsfonts/cm/cmmi10.pfb></us
r/local/texlive/2014/texmf-dist/fonts/type1/public/amsfonts/cm/cmmi12.pfb></usr
/local/texlive/2014/texmf-dist/fonts/type1/public/amsfonts/cm/cmmi5.pfb></usr/l
ocal/texlive/2014/texmf-dist/fonts/type1/public/amsfonts/cm/cmmi7.pfb></usr/loc
al/texlive/2014/texmf-dist/fonts/type1/public/amsfonts/cm/cmmi9.pfb></usr/local
/texlive/2014/texmf-dist/fonts/type1/public/amsfonts/cm/cmmib10.pfb></usr/local
/texlive/2014/texmf-dist/fonts/type1/public/amsfonts/cm/cmr10.pfb></usr/local/t
exlive/2014/texmf-dist/fonts/type1/public/amsfonts/cm/cmr12.pfb></usr/local/tex
live/2014/texmf-dist/fonts/type1/public/amsfonts/cm/cmr17.pfb></usr/local/texli
ve/2014/texmf-dist/fonts/type1/public/amsfonts/cm/cmr5.pfb></usr/local/texlive/
2014/texmf-dist/fonts/type1/public/amsfonts/cm/cmr6.pfb></usr/local/texlive/201
4/texmf-dist/fonts/type1/public/amsfonts/cm/cmr7.pfb></usr/local/texlive/2014/t
exmf-dist/fonts/type1/public/amsfonts/cm/cmr8.pfb></usr/local/texlive/2014/texm
f-dist/fonts/type1/public/amsfonts/cm/cmr9.pfb></usr/local/texlive/2014/texmf-d
ist/fonts/type1/public/amsfonts/cm/cmsy10.pfb></usr/local/texlive/2014/texmf-di
st/fonts/type1/public/amsfonts/cm/cmsy5.pfb></usr/local/texlive/2014/texmf-dist
/fonts/type1/public/amsfonts/cm/cmsy6.pfb></usr/local/texlive/2014/texmf-dist/f
onts/type1/public/amsfonts/cm/cmsy7.pfb></usr/local/texlive/2014/texmf-dist/fon
ts/type1/public/amsfonts/cm/cmsy8.pfb></usr/local/texlive/2014/texmf-dist/fonts
/type1/public/amsfonts/cm/cmsy9.pfb></usr/local/texlive/2014/texmf-dist/fonts/t
ype1/public/amsfonts/cm/cmti10.pfb></usr/local/texlive/2014/texmf-dist/fonts/ty
pe1/public/amsfonts/cm/cmtt10.pfb>
Output written on note.pdf (54 pages, 1463303 bytes).
PDF statistics:
 827 PDF objects out of 1000 (max. 8388607)
 642 compressed objects within 7 object streams
 114 named destinations out of 1000 (max. 500000)
 400 words of extra memory for PDF output out of 10000 (max. 10000000)

